<?xml version="1.0" encoding="UTF-8"?>
<robot generator="Robot 6.0.2 (Python 3.11.2 on win32)" generated="20230512 17:36:42.407" rpa="false" schemaversion="3">
<suite id="s1" name="RideTest" source="D:\lectures\4RTH Year\2nd\TESTING\RideTest">
<suite id="s1-s1" name="FirstSuit" source="D:\lectures\4RTH Year\2nd\TESTING\RideTest\FirstSuit.robot">
<test id="s1-s1-t1" name="1st" line="7">
<kw name="Open Browser" library="SeleniumLibrary" type="SETUP">
<arg>https://www.imdb.com/</arg>
<arg>Chrome</arg>
<doc>Opens a new browser instance to the optional ``url``.</doc>
<msg timestamp="20230512 17:36:43.116" level="INFO">Opening browser 'Chrome' to base url 'https://www.imdb.com/'.</msg>
<msg timestamp="20230512 17:36:43.152" level="INFO">Applicable driver not found; attempting to install with Selenium Manager (Beta)</msg>
<status status="PASS" starttime="20230512 17:36:43.114" endtime="20230512 17:36:59.026"/>
</kw>
<kw name="Maximize Browser Window" library="SeleniumLibrary">
<doc>Maximizes current browser window.</doc>
<status status="PASS" starttime="20230512 17:36:59.027" endtime="20230512 17:36:59.290"/>
</kw>
<kw name="Input Text" library="SeleniumLibrary">
<arg>id=suggestion-search</arg>
<arg>The Shawshank Redemption</arg>
<doc>Types the given ``text`` into the text field identified by ``locator``.</doc>
<msg timestamp="20230512 17:36:59.293" level="INFO">Typing text 'The Shawshank Redemption' into text field 'id=suggestion-search'.</msg>
<status status="PASS" starttime="20230512 17:36:59.291" endtime="20230512 17:37:00.071"/>
</kw>
<kw name="Click Button" library="SeleniumLibrary">
<arg>id=suggestion-search-button</arg>
<doc>Clicks the button identified by ``locator``.</doc>
<msg timestamp="20230512 17:37:00.073" level="INFO">Clicking button 'id=suggestion-search-button'.</msg>
<status status="PASS" starttime="20230512 17:37:00.072" endtime="20230512 17:37:02.395"/>
</kw>
<kw name="Get WebElements" library="SeleniumLibrary">
<var>${movies}</var>
<arg>//*[@class="ipc-metadata-list-summary-item__t"]</arg>
<doc>Returns a list of WebElement objects matching the ``locator``.</doc>
<msg timestamp="20230512 17:37:02.418" level="INFO">${movies} = [&lt;selenium.webdriver.remote.webelement.WebElement (session="5bab01b8dcf2914d86fb8c6453b3f2e9", element="7D77FFE4274503A4359379A5983831FF_element_102")&gt;, &lt;selenium.webdriver.remote.webelement.WebElemen...</msg>
<status status="PASS" starttime="20230512 17:37:02.396" endtime="20230512 17:37:02.418"/>
</kw>
<kw name="Create List" library="BuiltIn">
<var>${titles}</var>
<doc>Returns a list containing given items.</doc>
<msg timestamp="20230512 17:37:02.419" level="INFO">${titles} = []</msg>
<status status="PASS" starttime="20230512 17:37:02.419" endtime="20230512 17:37:02.419"/>
</kw>
<for flavor="IN">
<var>${movie}</var>
<value>@{movies}</value>
<iter>
<var name="${movie}">&lt;selenium.webdriver.remote.webelement.WebElement (session="5bab01b8dcf2914d86fb8c6453b3f2e9", element="7D77FFE4274503A4359379A5983831FF_element_102")&gt;</var>
<kw name="Set Variable" library="BuiltIn">
<var>${movieTitle}</var>
<arg>${movie.text}</arg>
<doc>Returns the given values which can then be assigned to a variables.</doc>
<msg timestamp="20230512 17:37:02.449" level="INFO">${movieTitle} = The Shawshank Redemption</msg>
<status status="PASS" starttime="20230512 17:37:02.420" endtime="20230512 17:37:02.449"/>
</kw>
<kw name="Append To List" library="Collections">
<arg>${titles}</arg>
<arg>${movieTitle}</arg>
<doc>Adds ``values`` to the end of ``list``.</doc>
<status status="PASS" starttime="20230512 17:37:02.450" endtime="20230512 17:37:02.451"/>
</kw>
<kw name="Log" library="BuiltIn">
<arg>${movieTitle}</arg>
<doc>Logs the given message with the given level.</doc>
<msg timestamp="20230512 17:37:02.451" level="INFO">The Shawshank Redemption</msg>
<status status="PASS" starttime="20230512 17:37:02.451" endtime="20230512 17:37:02.451"/>
</kw>
<status status="PASS" starttime="20230512 17:37:02.420" endtime="20230512 17:37:02.452"/>
</iter>
<iter>
<var name="${movie}">&lt;selenium.webdriver.remote.webelement.WebElement (session="5bab01b8dcf2914d86fb8c6453b3f2e9", element="7D77FFE4274503A4359379A5983831FF_element_106")&gt;</var>
<kw name="Set Variable" library="BuiltIn">
<var>${movieTitle}</var>
<arg>${movie.text}</arg>
<doc>Returns the given values which can then be assigned to a variables.</doc>
<msg timestamp="20230512 17:37:02.466" level="INFO">${movieTitle} = The Shawshank Redemption (Scene)</msg>
<status status="PASS" starttime="20230512 17:37:02.452" endtime="20230512 17:37:02.466"/>
</kw>
<kw name="Append To List" library="Collections">
<arg>${titles}</arg>
<arg>${movieTitle}</arg>
<doc>Adds ``values`` to the end of ``list``.</doc>
<status status="PASS" starttime="20230512 17:37:02.466" endtime="20230512 17:37:02.467"/>
</kw>
<kw name="Log" library="BuiltIn">
<arg>${movieTitle}</arg>
<doc>Logs the given message with the given level.</doc>
<msg timestamp="20230512 17:37:02.467" level="INFO">The Shawshank Redemption (Scene)</msg>
<status status="PASS" starttime="20230512 17:37:02.467" endtime="20230512 17:37:02.468"/>
</kw>
<status status="PASS" starttime="20230512 17:37:02.452" endtime="20230512 17:37:02.468"/>
</iter>
<iter>
<var name="${movie}">&lt;selenium.webdriver.remote.webelement.WebElement (session="5bab01b8dcf2914d86fb8c6453b3f2e9", element="7D77FFE4274503A4359379A5983831FF_element_107")&gt;</var>
<kw name="Set Variable" library="BuiltIn">
<var>${movieTitle}</var>
<arg>${movie.text}</arg>
<doc>Returns the given values which can then be assigned to a variables.</doc>
<msg timestamp="20230512 17:37:02.484" level="INFO">${movieTitle} = The Shawshank Redemption: Cast Interviews</msg>
<status status="PASS" starttime="20230512 17:37:02.468" endtime="20230512 17:37:02.484"/>
</kw>
<kw name="Append To List" library="Collections">
<arg>${titles}</arg>
<arg>${movieTitle}</arg>
<doc>Adds ``values`` to the end of ``list``.</doc>
<status status="PASS" starttime="20230512 17:37:02.485" endtime="20230512 17:37:02.485"/>
</kw>
<kw name="Log" library="BuiltIn">
<arg>${movieTitle}</arg>
<doc>Logs the given message with the given level.</doc>
<msg timestamp="20230512 17:37:02.486" level="INFO">The Shawshank Redemption: Cast Interviews</msg>
<status status="PASS" starttime="20230512 17:37:02.486" endtime="20230512 17:37:02.486"/>
</kw>
<status status="PASS" starttime="20230512 17:37:02.468" endtime="20230512 17:37:02.487"/>
</iter>
<iter>
<var name="${movie}">&lt;selenium.webdriver.remote.webelement.WebElement (session="5bab01b8dcf2914d86fb8c6453b3f2e9", element="7D77FFE4274503A4359379A5983831FF_element_108")&gt;</var>
<kw name="Set Variable" library="BuiltIn">
<var>${movieTitle}</var>
<arg>${movie.text}</arg>
<doc>Returns the given values which can then be assigned to a variables.</doc>
<msg timestamp="20230512 17:37:02.501" level="INFO">${movieTitle} = The Shawshank Redemption: Behind the Scenes</msg>
<status status="PASS" starttime="20230512 17:37:02.488" endtime="20230512 17:37:02.501"/>
</kw>
<kw name="Append To List" library="Collections">
<arg>${titles}</arg>
<arg>${movieTitle}</arg>
<doc>Adds ``values`` to the end of ``list``.</doc>
<status status="PASS" starttime="20230512 17:37:02.502" endtime="20230512 17:37:02.502"/>
</kw>
<kw name="Log" library="BuiltIn">
<arg>${movieTitle}</arg>
<doc>Logs the given message with the given level.</doc>
<msg timestamp="20230512 17:37:02.503" level="INFO">The Shawshank Redemption: Behind the Scenes</msg>
<status status="PASS" starttime="20230512 17:37:02.503" endtime="20230512 17:37:02.503"/>
</kw>
<status status="PASS" starttime="20230512 17:37:02.487" endtime="20230512 17:37:02.504"/>
</iter>
<iter>
<var name="${movie}">&lt;selenium.webdriver.remote.webelement.WebElement (session="5bab01b8dcf2914d86fb8c6453b3f2e9", element="7D77FFE4274503A4359379A5983831FF_element_109")&gt;</var>
<kw name="Set Variable" library="BuiltIn">
<var>${movieTitle}</var>
<arg>${movie.text}</arg>
<doc>Returns the given values which can then be assigned to a variables.</doc>
<msg timestamp="20230512 17:37:02.517" level="INFO">${movieTitle} = Hope Springs Eternal: A Look Back at 'the Shawshank Redemption'</msg>
<status status="PASS" starttime="20230512 17:37:02.504" endtime="20230512 17:37:02.518"/>
</kw>
<kw name="Append To List" library="Collections">
<arg>${titles}</arg>
<arg>${movieTitle}</arg>
<doc>Adds ``values`` to the end of ``list``.</doc>
<status status="PASS" starttime="20230512 17:37:02.518" endtime="20230512 17:37:02.519"/>
</kw>
<kw name="Log" library="BuiltIn">
<arg>${movieTitle}</arg>
<doc>Logs the given message with the given level.</doc>
<msg timestamp="20230512 17:37:02.520" level="INFO">Hope Springs Eternal: A Look Back at 'the Shawshank Redemption'</msg>
<status status="PASS" starttime="20230512 17:37:02.519" endtime="20230512 17:37:02.520"/>
</kw>
<status status="PASS" starttime="20230512 17:37:02.504" endtime="20230512 17:37:02.520"/>
</iter>
<status status="PASS" starttime="20230512 17:37:02.420" endtime="20230512 17:37:02.520"/>
</for>
<for flavor="IN">
<var>${movie}</var>
<value>@{titles}</value>
<iter>
<var name="${movie}">The Shawshank Redemption</var>
<kw name="Should Contain Any" library="BuiltIn">
<arg>${movie}</arg>
<arg>The Shawshank Redemption</arg>
<arg>the Shawshank Redemption</arg>
<doc>Fails if ``container`` does not contain any of the ``*items``.</doc>
<status status="PASS" starttime="20230512 17:37:02.522" endtime="20230512 17:37:02.523"/>
</kw>
<status status="PASS" starttime="20230512 17:37:02.521" endtime="20230512 17:37:02.523"/>
</iter>
<iter>
<var name="${movie}">The Shawshank Redemption (Scene)</var>
<kw name="Should Contain Any" library="BuiltIn">
<arg>${movie}</arg>
<arg>The Shawshank Redemption</arg>
<arg>the Shawshank Redemption</arg>
<doc>Fails if ``container`` does not contain any of the ``*items``.</doc>
<status status="PASS" starttime="20230512 17:37:02.524" endtime="20230512 17:37:02.525"/>
</kw>
<status status="PASS" starttime="20230512 17:37:02.523" endtime="20230512 17:37:02.525"/>
</iter>
<iter>
<var name="${movie}">The Shawshank Redemption: Cast Interviews</var>
<kw name="Should Contain Any" library="BuiltIn">
<arg>${movie}</arg>
<arg>The Shawshank Redemption</arg>
<arg>the Shawshank Redemption</arg>
<doc>Fails if ``container`` does not contain any of the ``*items``.</doc>
<status status="PASS" starttime="20230512 17:37:02.526" endtime="20230512 17:37:02.526"/>
</kw>
<status status="PASS" starttime="20230512 17:37:02.525" endtime="20230512 17:37:02.526"/>
</iter>
<iter>
<var name="${movie}">The Shawshank Redemption: Behind the Scenes</var>
<kw name="Should Contain Any" library="BuiltIn">
<arg>${movie}</arg>
<arg>The Shawshank Redemption</arg>
<arg>the Shawshank Redemption</arg>
<doc>Fails if ``container`` does not contain any of the ``*items``.</doc>
<status status="PASS" starttime="20230512 17:37:02.528" endtime="20230512 17:37:02.529"/>
</kw>
<status status="PASS" starttime="20230512 17:37:02.528" endtime="20230512 17:37:02.529"/>
</iter>
<iter>
<var name="${movie}">Hope Springs Eternal: A Look Back at 'the Shawshank Redemption'</var>
<kw name="Should Contain Any" library="BuiltIn">
<arg>${movie}</arg>
<arg>The Shawshank Redemption</arg>
<arg>the Shawshank Redemption</arg>
<doc>Fails if ``container`` does not contain any of the ``*items``.</doc>
<status status="PASS" starttime="20230512 17:37:02.530" endtime="20230512 17:37:02.530"/>
</kw>
<status status="PASS" starttime="20230512 17:37:02.529" endtime="20230512 17:37:02.530"/>
</iter>
<status status="PASS" starttime="20230512 17:37:02.521" endtime="20230512 17:37:02.531"/>
</for>
<kw name="Should Be Equal As Strings" library="BuiltIn">
<arg>${titles}[0]</arg>
<arg>The Shawshank Redemption</arg>
<doc>Fails if objects are unequal after converting them to strings.</doc>
<status status="PASS" starttime="20230512 17:37:02.531" endtime="20230512 17:37:02.531"/>
</kw>
<kw name="Close Browser" library="SeleniumLibrary" type="TEARDOWN">
<doc>Closes the current browser.</doc>
<status status="PASS" starttime="20230512 17:37:02.532" endtime="20230512 17:37:04.907"/>
</kw>
<status status="PASS" starttime="20230512 17:36:43.113" endtime="20230512 17:37:04.907"/>
</test>
<test id="s1-s1-t2" name="2nd" line="25">
<kw name="Open Browser" library="SeleniumLibrary" type="SETUP">
<arg>https://www.imdb.com/</arg>
<arg>Chrome</arg>
<doc>Opens a new browser instance to the optional ``url``.</doc>
<msg timestamp="20230512 17:37:04.910" level="INFO">Opening browser 'Chrome' to base url 'https://www.imdb.com/'.</msg>
<msg timestamp="20230512 17:37:04.937" level="INFO">Applicable driver not found; attempting to install with Selenium Manager (Beta)</msg>
<status status="PASS" starttime="20230512 17:37:04.909" endtime="20230512 17:37:16.319"/>
</kw>
<kw name="Maximize Browser Window" library="SeleniumLibrary">
<doc>Maximizes current browser window.</doc>
<status status="PASS" starttime="20230512 17:37:16.319" endtime="20230512 17:37:16.675"/>
</kw>
<kw name="Click Element" library="SeleniumLibrary">
<arg>//*[@id="imdbHeader-navDrawerOpen"]/span</arg>
<doc>Click the element identified by ``locator``.</doc>
<msg timestamp="20230512 17:37:16.679" level="INFO">Clicking element '//*[@id="imdbHeader-navDrawerOpen"]/span'.</msg>
<status status="PASS" starttime="20230512 17:37:16.676" endtime="20230512 17:37:17.040"/>
</kw>
<kw name="Sleep" library="BuiltIn">
<arg>1</arg>
<doc>Pauses the test executed for the given time.</doc>
<msg timestamp="20230512 17:37:18.042" level="INFO">Slept 1 second</msg>
<status status="PASS" starttime="20230512 17:37:17.041" endtime="20230512 17:37:18.042"/>
</kw>
<kw name="Click Element" library="SeleniumLibrary">
<arg>//*[@id="imdbHeader"]/div[2]/aside/div/div[2]/div/div[1]/span/div/div/ul/a[2]/span</arg>
<doc>Click the element identified by ``locator``.</doc>
<msg timestamp="20230512 17:37:18.044" level="INFO">Clicking element '//*[@id="imdbHeader"]/div[2]/aside/div/div[2]/div/div[1]/span/div/div/ul/a[2]/span'.</msg>
<status status="PASS" starttime="20230512 17:37:18.043" endtime="20230512 17:37:25.955"/>
</kw>
<kw name="Wait Until Page Contains Element" library="SeleniumLibrary">
<arg>//*[@id="main"]/div/span/div/div/div[3]/table/thead/tr/th[2]</arg>
<doc>Waits until the element ``locator`` appears on the current page.</doc>
<status status="PASS" starttime="20230512 17:37:25.956" endtime="20230512 17:37:25.995"/>
</kw>
<kw name="Get WebElements" library="SeleniumLibrary">
<var>${movies}</var>
<arg>//*[@class="titleColumn"]</arg>
<doc>Returns a list of WebElement objects matching the ``locator``.</doc>
<msg timestamp="20230512 17:37:26.060" level="INFO">${movies} = [&lt;selenium.webdriver.remote.webelement.WebElement (session="8c4ea3be764211ecce12e48e92826d58", element="74D3CF3E0EA91C0B881F5D906F06B7DE_element_121")&gt;, &lt;selenium.webdriver.remote.webelement.WebElemen...</msg>
<status status="PASS" starttime="20230512 17:37:25.996" endtime="20230512 17:37:26.060"/>
</kw>
<kw name="Create List" library="BuiltIn">
<var>${titles}</var>
<doc>Returns a list containing given items.</doc>
<msg timestamp="20230512 17:37:26.061" level="INFO">${titles} = []</msg>
<status status="PASS" starttime="20230512 17:37:26.060" endtime="20230512 17:37:26.062"/>
</kw>
<for flavor="IN">
<var>${movie}</var>
<value>@{movies}</value>
<iter>
<var name="${movie}">&lt;selenium.webdriver.remote.webelement.WebElement (session="8c4ea3be764211ecce12e48e92826d58", element="74D3CF3E0EA91C0B881F5D906F06B7DE_element_121")&gt;</var>
<kw name="Set Variable" library="BuiltIn">
<var>${movieTitle}</var>
<arg>${movie.text}</arg>
<doc>Returns the given values which can then be assigned to a variables.</doc>
<msg timestamp="20230512 17:37:26.093" level="INFO">${movieTitle} = 1. The Shawshank Redemption (1994)</msg>
<status status="PASS" starttime="20230512 17:37:26.063" endtime="20230512 17:37:26.093"/>
</kw>
<kw name="Append To List" library="Collections">
<arg>${titles}</arg>
<arg>${movieTitle}</arg>
<doc>Adds ``values`` to the end of ``list``.</doc>
<status status="PASS" starttime="20230512 17:37:26.093" endtime="20230512 17:37:26.094"/>
</kw>
<kw name="Log" library="BuiltIn">
<arg>${movieTitle}</arg>
<doc>Logs the given message with the given level.</doc>
<msg timestamp="20230512 17:37:26.096" level="INFO">1. The Shawshank Redemption (1994)</msg>
<status status="PASS" starttime="20230512 17:37:26.095" endtime="20230512 17:37:26.096"/>
</kw>
<status status="PASS" starttime="20230512 17:37:26.063" endtime="20230512 17:37:26.097"/>
</iter>
<iter>
<var name="${movie}">&lt;selenium.webdriver.remote.webelement.WebElement (session="8c4ea3be764211ecce12e48e92826d58", element="74D3CF3E0EA91C0B881F5D906F06B7DE_element_122")&gt;</var>
<kw name="Set Variable" library="BuiltIn">
<var>${movieTitle}</var>
<arg>${movie.text}</arg>
<doc>Returns the given values which can then be assigned to a variables.</doc>
<msg timestamp="20230512 17:37:26.119" level="INFO">${movieTitle} = 2. The Godfather (1972)</msg>
<status status="PASS" starttime="20230512 17:37:26.099" endtime="20230512 17:37:26.120"/>
</kw>
<kw name="Append To List" library="Collections">
<arg>${titles}</arg>
<arg>${movieTitle}</arg>
<doc>Adds ``values`` to the end of ``list``.</doc>
<status status="PASS" starttime="20230512 17:37:26.120" endtime="20230512 17:37:26.121"/>
</kw>
<kw name="Log" library="BuiltIn">
<arg>${movieTitle}</arg>
<doc>Logs the given message with the given level.</doc>
<msg timestamp="20230512 17:37:26.122" level="INFO">2. The Godfather (1972)</msg>
<status status="PASS" starttime="20230512 17:37:26.121" endtime="20230512 17:37:26.122"/>
</kw>
<status status="PASS" starttime="20230512 17:37:26.098" endtime="20230512 17:37:26.122"/>
</iter>
<iter>
<var name="${movie}">&lt;selenium.webdriver.remote.webelement.WebElement (session="8c4ea3be764211ecce12e48e92826d58", element="74D3CF3E0EA91C0B881F5D906F06B7DE_element_123")&gt;</var>
<kw name="Set Variable" library="BuiltIn">
<var>${movieTitle}</var>
<arg>${movie.text}</arg>
<doc>Returns the given values which can then be assigned to a variables.</doc>
<msg timestamp="20230512 17:37:26.148" level="INFO">${movieTitle} = 3. The Dark Knight (2008)</msg>
<status status="PASS" starttime="20230512 17:37:26.123" endtime="20230512 17:37:26.148"/>
</kw>
<kw name="Append To List" library="Collections">
<arg>${titles}</arg>
<arg>${movieTitle}</arg>
<doc>Adds ``values`` to the end of ``list``.</doc>
<status status="PASS" starttime="20230512 17:37:26.149" endtime="20230512 17:37:26.149"/>
</kw>
<kw name="Log" library="BuiltIn">
<arg>${movieTitle}</arg>
<doc>Logs the given message with the given level.</doc>
<msg timestamp="20230512 17:37:26.150" level="INFO">3. The Dark Knight (2008)</msg>
<status status="PASS" starttime="20230512 17:37:26.149" endtime="20230512 17:37:26.150"/>
</kw>
<status status="PASS" starttime="20230512 17:37:26.123" endtime="20230512 17:37:26.151"/>
</iter>
<iter>
<var name="${movie}">&lt;selenium.webdriver.remote.webelement.WebElement (session="8c4ea3be764211ecce12e48e92826d58", element="74D3CF3E0EA91C0B881F5D906F06B7DE_element_124")&gt;</var>
<kw name="Set Variable" library="BuiltIn">
<var>${movieTitle}</var>
<arg>${movie.text}</arg>
<doc>Returns the given values which can then be assigned to a variables.</doc>
<msg timestamp="20230512 17:37:26.192" level="INFO">${movieTitle} = 4. The Godfather Part II (1974)</msg>
<status status="PASS" starttime="20230512 17:37:26.152" endtime="20230512 17:37:26.193"/>
</kw>
<kw name="Append To List" library="Collections">
<arg>${titles}</arg>
<arg>${movieTitle}</arg>
<doc>Adds ``values`` to the end of ``list``.</doc>
<status status="PASS" starttime="20230512 17:37:26.193" endtime="20230512 17:37:26.194"/>
</kw>
<kw name="Log" library="BuiltIn">
<arg>${movieTitle}</arg>
<doc>Logs the given message with the given level.</doc>
<msg timestamp="20230512 17:37:26.195" level="INFO">4. The Godfather Part II (1974)</msg>
<status status="PASS" starttime="20230512 17:37:26.195" endtime="20230512 17:37:26.196"/>
</kw>
<status status="PASS" starttime="20230512 17:37:26.151" endtime="20230512 17:37:26.196"/>
</iter>
<iter>
<var name="${movie}">&lt;selenium.webdriver.remote.webelement.WebElement (session="8c4ea3be764211ecce12e48e92826d58", element="74D3CF3E0EA91C0B881F5D906F06B7DE_element_125")&gt;</var>
<kw name="Set Variable" library="BuiltIn">
<var>${movieTitle}</var>
<arg>${movie.text}</arg>
<doc>Returns the given values which can then be assigned to a variables.</doc>
<msg timestamp="20230512 17:37:26.218" level="INFO">${movieTitle} = 5. 12 Angry Men (1957)</msg>
<status status="PASS" starttime="20230512 17:37:26.197" endtime="20230512 17:37:26.218"/>
</kw>
<kw name="Append To List" library="Collections">
<arg>${titles}</arg>
<arg>${movieTitle}</arg>
<doc>Adds ``values`` to the end of ``list``.</doc>
<status status="PASS" starttime="20230512 17:37:26.219" endtime="20230512 17:37:26.220"/>
</kw>
<kw name="Log" library="BuiltIn">
<arg>${movieTitle}</arg>
<doc>Logs the given message with the given level.</doc>
<msg timestamp="20230512 17:37:26.221" level="INFO">5. 12 Angry Men (1957)</msg>
<status status="PASS" starttime="20230512 17:37:26.220" endtime="20230512 17:37:26.221"/>
</kw>
<status status="PASS" starttime="20230512 17:37:26.197" endtime="20230512 17:37:26.221"/>
</iter>
<iter>
<var name="${movie}">&lt;selenium.webdriver.remote.webelement.WebElement (session="8c4ea3be764211ecce12e48e92826d58", element="74D3CF3E0EA91C0B881F5D906F06B7DE_element_126")&gt;</var>
<kw name="Set Variable" library="BuiltIn">
<var>${movieTitle}</var>
<arg>${movie.text}</arg>
<doc>Returns the given values which can then be assigned to a variables.</doc>
<msg timestamp="20230512 17:37:26.237" level="INFO">${movieTitle} = 6. Schindler's List (1993)</msg>
<status status="PASS" starttime="20230512 17:37:26.222" endtime="20230512 17:37:26.237"/>
</kw>
<kw name="Append To List" library="Collections">
<arg>${titles}</arg>
<arg>${movieTitle}</arg>
<doc>Adds ``values`` to the end of ``list``.</doc>
<status status="PASS" starttime="20230512 17:37:26.238" endtime="20230512 17:37:26.238"/>
</kw>
<kw name="Log" library="BuiltIn">
<arg>${movieTitle}</arg>
<doc>Logs the given message with the given level.</doc>
<msg timestamp="20230512 17:37:26.239" level="INFO">6. Schindler's List (1993)</msg>
<status status="PASS" starttime="20230512 17:37:26.239" endtime="20230512 17:37:26.239"/>
</kw>
<status status="PASS" starttime="20230512 17:37:26.222" endtime="20230512 17:37:26.239"/>
</iter>
<iter>
<var name="${movie}">&lt;selenium.webdriver.remote.webelement.WebElement (session="8c4ea3be764211ecce12e48e92826d58", element="74D3CF3E0EA91C0B881F5D906F06B7DE_element_127")&gt;</var>
<kw name="Set Variable" library="BuiltIn">
<var>${movieTitle}</var>
<arg>${movie.text}</arg>
<doc>Returns the given values which can then be assigned to a variables.</doc>
<msg timestamp="20230512 17:37:26.257" level="INFO">${movieTitle} = 7. The Lord of the Rings: The Return of the King (2003)</msg>
<status status="PASS" starttime="20230512 17:37:26.240" endtime="20230512 17:37:26.257"/>
</kw>
<kw name="Append To List" library="Collections">
<arg>${titles}</arg>
<arg>${movieTitle}</arg>
<doc>Adds ``values`` to the end of ``list``.</doc>
<status status="PASS" starttime="20230512 17:37:26.258" endtime="20230512 17:37:26.258"/>
</kw>
<kw name="Log" library="BuiltIn">
<arg>${movieTitle}</arg>
<doc>Logs the given message with the given level.</doc>
<msg timestamp="20230512 17:37:26.259" level="INFO">7. The Lord of the Rings: The Return of the King (2003)</msg>
<status status="PASS" starttime="20230512 17:37:26.259" endtime="20230512 17:37:26.260"/>
</kw>
<status status="PASS" starttime="20230512 17:37:26.240" endtime="20230512 17:37:26.260"/>
</iter>
<iter>
<var name="${movie}">&lt;selenium.webdriver.remote.webelement.WebElement (session="8c4ea3be764211ecce12e48e92826d58", element="74D3CF3E0EA91C0B881F5D906F06B7DE_element_128")&gt;</var>
<kw name="Set Variable" library="BuiltIn">
<var>${movieTitle}</var>
<arg>${movie.text}</arg>
<doc>Returns the given values which can then be assigned to a variables.</doc>
<msg timestamp="20230512 17:37:26.279" level="INFO">${movieTitle} = 8. Pulp Fiction (1994)</msg>
<status status="PASS" starttime="20230512 17:37:26.261" endtime="20230512 17:37:26.279"/>
</kw>
<kw name="Append To List" library="Collections">
<arg>${titles}</arg>
<arg>${movieTitle}</arg>
<doc>Adds ``values`` to the end of ``list``.</doc>
<status status="PASS" starttime="20230512 17:37:26.279" endtime="20230512 17:37:26.280"/>
</kw>
<kw name="Log" library="BuiltIn">
<arg>${movieTitle}</arg>
<doc>Logs the given message with the given level.</doc>
<msg timestamp="20230512 17:37:26.280" level="INFO">8. Pulp Fiction (1994)</msg>
<status status="PASS" starttime="20230512 17:37:26.280" endtime="20230512 17:37:26.280"/>
</kw>
<status status="PASS" starttime="20230512 17:37:26.261" endtime="20230512 17:37:26.281"/>
</iter>
<iter>
<var name="${movie}">&lt;selenium.webdriver.remote.webelement.WebElement (session="8c4ea3be764211ecce12e48e92826d58", element="74D3CF3E0EA91C0B881F5D906F06B7DE_element_129")&gt;</var>
<kw name="Set Variable" library="BuiltIn">
<var>${movieTitle}</var>
<arg>${movie.text}</arg>
<doc>Returns the given values which can then be assigned to a variables.</doc>
<msg timestamp="20230512 17:37:26.297" level="INFO">${movieTitle} = 9. The Lord of the Rings: The Fellowship of the Ring (2001)</msg>
<status status="PASS" starttime="20230512 17:37:26.281" endtime="20230512 17:37:26.297"/>
</kw>
<kw name="Append To List" library="Collections">
<arg>${titles}</arg>
<arg>${movieTitle}</arg>
<doc>Adds ``values`` to the end of ``list``.</doc>
<status status="PASS" starttime="20230512 17:37:26.298" endtime="20230512 17:37:26.299"/>
</kw>
<kw name="Log" library="BuiltIn">
<arg>${movieTitle}</arg>
<doc>Logs the given message with the given level.</doc>
<msg timestamp="20230512 17:37:26.300" level="INFO">9. The Lord of the Rings: The Fellowship of the Ring (2001)</msg>
<status status="PASS" starttime="20230512 17:37:26.299" endtime="20230512 17:37:26.300"/>
</kw>
<status status="PASS" starttime="20230512 17:37:26.281" endtime="20230512 17:37:26.300"/>
</iter>
<iter>
<var name="${movie}">&lt;selenium.webdriver.remote.webelement.WebElement (session="8c4ea3be764211ecce12e48e92826d58", element="74D3CF3E0EA91C0B881F5D906F06B7DE_element_130")&gt;</var>
<kw name="Set Variable" library="BuiltIn">
<var>${movieTitle}</var>
<arg>${movie.text}</arg>
<doc>Returns the given values which can then be assigned to a variables.</doc>
<msg timestamp="20230512 17:37:26.321" level="INFO">${movieTitle} = 10. The Good, the Bad and the Ugly (1966)</msg>
<status status="PASS" starttime="20230512 17:37:26.301" endtime="20230512 17:37:26.321"/>
</kw>
<kw name="Append To List" library="Collections">
<arg>${titles}</arg>
<arg>${movieTitle}</arg>
<doc>Adds ``values`` to the end of ``list``.</doc>
<status status="PASS" starttime="20230512 17:37:26.321" endtime="20230512 17:37:26.322"/>
</kw>
<kw name="Log" library="BuiltIn">
<arg>${movieTitle}</arg>
<doc>Logs the given message with the given level.</doc>
<msg timestamp="20230512 17:37:26.322" level="INFO">10. The Good, the Bad and the Ugly (1966)</msg>
<status status="PASS" starttime="20230512 17:37:26.322" endtime="20230512 17:37:26.323"/>
</kw>
<status status="PASS" starttime="20230512 17:37:26.301" endtime="20230512 17:37:26.323"/>
</iter>
<iter>
<var name="${movie}">&lt;selenium.webdriver.remote.webelement.WebElement (session="8c4ea3be764211ecce12e48e92826d58", element="74D3CF3E0EA91C0B881F5D906F06B7DE_element_131")&gt;</var>
<kw name="Set Variable" library="BuiltIn">
<var>${movieTitle}</var>
<arg>${movie.text}</arg>
<doc>Returns the given values which can then be assigned to a variables.</doc>
<msg timestamp="20230512 17:37:26.340" level="INFO">${movieTitle} = 11. Forrest Gump (1994)</msg>
<status status="PASS" starttime="20230512 17:37:26.323" endtime="20230512 17:37:26.340"/>
</kw>
<kw name="Append To List" library="Collections">
<arg>${titles}</arg>
<arg>${movieTitle}</arg>
<doc>Adds ``values`` to the end of ``list``.</doc>
<status status="PASS" starttime="20230512 17:37:26.341" endtime="20230512 17:37:26.341"/>
</kw>
<kw name="Log" library="BuiltIn">
<arg>${movieTitle}</arg>
<doc>Logs the given message with the given level.</doc>
<msg timestamp="20230512 17:37:26.342" level="INFO">11. Forrest Gump (1994)</msg>
<status status="PASS" starttime="20230512 17:37:26.342" endtime="20230512 17:37:26.343"/>
</kw>
<status status="PASS" starttime="20230512 17:37:26.323" endtime="20230512 17:37:26.343"/>
</iter>
<iter>
<var name="${movie}">&lt;selenium.webdriver.remote.webelement.WebElement (session="8c4ea3be764211ecce12e48e92826d58", element="74D3CF3E0EA91C0B881F5D906F06B7DE_element_132")&gt;</var>
<kw name="Set Variable" library="BuiltIn">
<var>${movieTitle}</var>
<arg>${movie.text}</arg>
<doc>Returns the given values which can then be assigned to a variables.</doc>
<msg timestamp="20230512 17:37:26.361" level="INFO">${movieTitle} = 12. Fight Club (1999)</msg>
<status status="PASS" starttime="20230512 17:37:26.344" endtime="20230512 17:37:26.361"/>
</kw>
<kw name="Append To List" library="Collections">
<arg>${titles}</arg>
<arg>${movieTitle}</arg>
<doc>Adds ``values`` to the end of ``list``.</doc>
<status status="PASS" starttime="20230512 17:37:26.361" endtime="20230512 17:37:26.362"/>
</kw>
<kw name="Log" library="BuiltIn">
<arg>${movieTitle}</arg>
<doc>Logs the given message with the given level.</doc>
<msg timestamp="20230512 17:37:26.364" level="INFO">12. Fight Club (1999)</msg>
<status status="PASS" starttime="20230512 17:37:26.363" endtime="20230512 17:37:26.364"/>
</kw>
<status status="PASS" starttime="20230512 17:37:26.344" endtime="20230512 17:37:26.364"/>
</iter>
<iter>
<var name="${movie}">&lt;selenium.webdriver.remote.webelement.WebElement (session="8c4ea3be764211ecce12e48e92826d58", element="74D3CF3E0EA91C0B881F5D906F06B7DE_element_133")&gt;</var>
<kw name="Set Variable" library="BuiltIn">
<var>${movieTitle}</var>
<arg>${movie.text}</arg>
<doc>Returns the given values which can then be assigned to a variables.</doc>
<msg timestamp="20230512 17:37:26.381" level="INFO">${movieTitle} = 13. The Lord of the Rings: The Two Towers (2002)</msg>
<status status="PASS" starttime="20230512 17:37:26.365" endtime="20230512 17:37:26.381"/>
</kw>
<kw name="Append To List" library="Collections">
<arg>${titles}</arg>
<arg>${movieTitle}</arg>
<doc>Adds ``values`` to the end of ``list``.</doc>
<status status="PASS" starttime="20230512 17:37:26.381" endtime="20230512 17:37:26.382"/>
</kw>
<kw name="Log" library="BuiltIn">
<arg>${movieTitle}</arg>
<doc>Logs the given message with the given level.</doc>
<msg timestamp="20230512 17:37:26.383" level="INFO">13. The Lord of the Rings: The Two Towers (2002)</msg>
<status status="PASS" starttime="20230512 17:37:26.383" endtime="20230512 17:37:26.384"/>
</kw>
<status status="PASS" starttime="20230512 17:37:26.365" endtime="20230512 17:37:26.384"/>
</iter>
<iter>
<var name="${movie}">&lt;selenium.webdriver.remote.webelement.WebElement (session="8c4ea3be764211ecce12e48e92826d58", element="74D3CF3E0EA91C0B881F5D906F06B7DE_element_134")&gt;</var>
<kw name="Set Variable" library="BuiltIn">
<var>${movieTitle}</var>
<arg>${movie.text}</arg>
<doc>Returns the given values which can then be assigned to a variables.</doc>
<msg timestamp="20230512 17:37:26.400" level="INFO">${movieTitle} = 14. Inception (2010)</msg>
<status status="PASS" starttime="20230512 17:37:26.384" endtime="20230512 17:37:26.401"/>
</kw>
<kw name="Append To List" library="Collections">
<arg>${titles}</arg>
<arg>${movieTitle}</arg>
<doc>Adds ``values`` to the end of ``list``.</doc>
<status status="PASS" starttime="20230512 17:37:26.401" endtime="20230512 17:37:26.401"/>
</kw>
<kw name="Log" library="BuiltIn">
<arg>${movieTitle}</arg>
<doc>Logs the given message with the given level.</doc>
<msg timestamp="20230512 17:37:26.402" level="INFO">14. Inception (2010)</msg>
<status status="PASS" starttime="20230512 17:37:26.402" endtime="20230512 17:37:26.402"/>
</kw>
<status status="PASS" starttime="20230512 17:37:26.384" endtime="20230512 17:37:26.402"/>
</iter>
<iter>
<var name="${movie}">&lt;selenium.webdriver.remote.webelement.WebElement (session="8c4ea3be764211ecce12e48e92826d58", element="74D3CF3E0EA91C0B881F5D906F06B7DE_element_135")&gt;</var>
<kw name="Set Variable" library="BuiltIn">
<var>${movieTitle}</var>
<arg>${movie.text}</arg>
<doc>Returns the given values which can then be assigned to a variables.</doc>
<msg timestamp="20230512 17:37:26.425" level="INFO">${movieTitle} = 15. Star Wars: Episode V - The Empire Strikes Back (1980)</msg>
<status status="PASS" starttime="20230512 17:37:26.403" endtime="20230512 17:37:26.425"/>
</kw>
<kw name="Append To List" library="Collections">
<arg>${titles}</arg>
<arg>${movieTitle}</arg>
<doc>Adds ``values`` to the end of ``list``.</doc>
<status status="PASS" starttime="20230512 17:37:26.426" endtime="20230512 17:37:26.426"/>
</kw>
<kw name="Log" library="BuiltIn">
<arg>${movieTitle}</arg>
<doc>Logs the given message with the given level.</doc>
<msg timestamp="20230512 17:37:26.427" level="INFO">15. Star Wars: Episode V - The Empire Strikes Back (1980)</msg>
<status status="PASS" starttime="20230512 17:37:26.427" endtime="20230512 17:37:26.427"/>
</kw>
<status status="PASS" starttime="20230512 17:37:26.403" endtime="20230512 17:37:26.428"/>
</iter>
<iter>
<var name="${movie}">&lt;selenium.webdriver.remote.webelement.WebElement (session="8c4ea3be764211ecce12e48e92826d58", element="74D3CF3E0EA91C0B881F5D906F06B7DE_element_136")&gt;</var>
<kw name="Set Variable" library="BuiltIn">
<var>${movieTitle}</var>
<arg>${movie.text}</arg>
<doc>Returns the given values which can then be assigned to a variables.</doc>
<msg timestamp="20230512 17:37:26.444" level="INFO">${movieTitle} = 16. The Matrix (1999)</msg>
<status status="PASS" starttime="20230512 17:37:26.429" endtime="20230512 17:37:26.444"/>
</kw>
<kw name="Append To List" library="Collections">
<arg>${titles}</arg>
<arg>${movieTitle}</arg>
<doc>Adds ``values`` to the end of ``list``.</doc>
<status status="PASS" starttime="20230512 17:37:26.444" endtime="20230512 17:37:26.446"/>
</kw>
<kw name="Log" library="BuiltIn">
<arg>${movieTitle}</arg>
<doc>Logs the given message with the given level.</doc>
<msg timestamp="20230512 17:37:26.447" level="INFO">16. The Matrix (1999)</msg>
<status status="PASS" starttime="20230512 17:37:26.447" endtime="20230512 17:37:26.447"/>
</kw>
<status status="PASS" starttime="20230512 17:37:26.428" endtime="20230512 17:37:26.448"/>
</iter>
<iter>
<var name="${movie}">&lt;selenium.webdriver.remote.webelement.WebElement (session="8c4ea3be764211ecce12e48e92826d58", element="74D3CF3E0EA91C0B881F5D906F06B7DE_element_137")&gt;</var>
<kw name="Set Variable" library="BuiltIn">
<var>${movieTitle}</var>
<arg>${movie.text}</arg>
<doc>Returns the given values which can then be assigned to a variables.</doc>
<msg timestamp="20230512 17:37:26.470" level="INFO">${movieTitle} = 17. Goodfellas (1990)</msg>
<status status="PASS" starttime="20230512 17:37:26.449" endtime="20230512 17:37:26.471"/>
</kw>
<kw name="Append To List" library="Collections">
<arg>${titles}</arg>
<arg>${movieTitle}</arg>
<doc>Adds ``values`` to the end of ``list``.</doc>
<status status="PASS" starttime="20230512 17:37:26.471" endtime="20230512 17:37:26.471"/>
</kw>
<kw name="Log" library="BuiltIn">
<arg>${movieTitle}</arg>
<doc>Logs the given message with the given level.</doc>
<msg timestamp="20230512 17:37:26.473" level="INFO">17. Goodfellas (1990)</msg>
<status status="PASS" starttime="20230512 17:37:26.472" endtime="20230512 17:37:26.473"/>
</kw>
<status status="PASS" starttime="20230512 17:37:26.448" endtime="20230512 17:37:26.473"/>
</iter>
<iter>
<var name="${movie}">&lt;selenium.webdriver.remote.webelement.WebElement (session="8c4ea3be764211ecce12e48e92826d58", element="74D3CF3E0EA91C0B881F5D906F06B7DE_element_138")&gt;</var>
<kw name="Set Variable" library="BuiltIn">
<var>${movieTitle}</var>
<arg>${movie.text}</arg>
<doc>Returns the given values which can then be assigned to a variables.</doc>
<msg timestamp="20230512 17:37:26.490" level="INFO">${movieTitle} = 18. One Flew Over the Cuckoo's Nest (1975)</msg>
<status status="PASS" starttime="20230512 17:37:26.474" endtime="20230512 17:37:26.490"/>
</kw>
<kw name="Append To List" library="Collections">
<arg>${titles}</arg>
<arg>${movieTitle}</arg>
<doc>Adds ``values`` to the end of ``list``.</doc>
<status status="PASS" starttime="20230512 17:37:26.490" endtime="20230512 17:37:26.491"/>
</kw>
<kw name="Log" library="BuiltIn">
<arg>${movieTitle}</arg>
<doc>Logs the given message with the given level.</doc>
<msg timestamp="20230512 17:37:26.491" level="INFO">18. One Flew Over the Cuckoo's Nest (1975)</msg>
<status status="PASS" starttime="20230512 17:37:26.491" endtime="20230512 17:37:26.492"/>
</kw>
<status status="PASS" starttime="20230512 17:37:26.473" endtime="20230512 17:37:26.492"/>
</iter>
<iter>
<var name="${movie}">&lt;selenium.webdriver.remote.webelement.WebElement (session="8c4ea3be764211ecce12e48e92826d58", element="74D3CF3E0EA91C0B881F5D906F06B7DE_element_139")&gt;</var>
<kw name="Set Variable" library="BuiltIn">
<var>${movieTitle}</var>
<arg>${movie.text}</arg>
<doc>Returns the given values which can then be assigned to a variables.</doc>
<msg timestamp="20230512 17:37:26.507" level="INFO">${movieTitle} = 19. Se7en (1995)</msg>
<status status="PASS" starttime="20230512 17:37:26.493" endtime="20230512 17:37:26.508"/>
</kw>
<kw name="Append To List" library="Collections">
<arg>${titles}</arg>
<arg>${movieTitle}</arg>
<doc>Adds ``values`` to the end of ``list``.</doc>
<status status="PASS" starttime="20230512 17:37:26.508" endtime="20230512 17:37:26.508"/>
</kw>
<kw name="Log" library="BuiltIn">
<arg>${movieTitle}</arg>
<doc>Logs the given message with the given level.</doc>
<msg timestamp="20230512 17:37:26.509" level="INFO">19. Se7en (1995)</msg>
<status status="PASS" starttime="20230512 17:37:26.509" endtime="20230512 17:37:26.509"/>
</kw>
<status status="PASS" starttime="20230512 17:37:26.492" endtime="20230512 17:37:26.509"/>
</iter>
<iter>
<var name="${movie}">&lt;selenium.webdriver.remote.webelement.WebElement (session="8c4ea3be764211ecce12e48e92826d58", element="74D3CF3E0EA91C0B881F5D906F06B7DE_element_140")&gt;</var>
<kw name="Set Variable" library="BuiltIn">
<var>${movieTitle}</var>
<arg>${movie.text}</arg>
<doc>Returns the given values which can then be assigned to a variables.</doc>
<msg timestamp="20230512 17:37:26.525" level="INFO">${movieTitle} = 20. It's a Wonderful Life (1946)</msg>
<status status="PASS" starttime="20230512 17:37:26.510" endtime="20230512 17:37:26.525"/>
</kw>
<kw name="Append To List" library="Collections">
<arg>${titles}</arg>
<arg>${movieTitle}</arg>
<doc>Adds ``values`` to the end of ``list``.</doc>
<status status="PASS" starttime="20230512 17:37:26.525" endtime="20230512 17:37:26.526"/>
</kw>
<kw name="Log" library="BuiltIn">
<arg>${movieTitle}</arg>
<doc>Logs the given message with the given level.</doc>
<msg timestamp="20230512 17:37:26.527" level="INFO">20. It's a Wonderful Life (1946)</msg>
<status status="PASS" starttime="20230512 17:37:26.526" endtime="20230512 17:37:26.527"/>
</kw>
<status status="PASS" starttime="20230512 17:37:26.510" endtime="20230512 17:37:26.527"/>
</iter>
<iter>
<var name="${movie}">&lt;selenium.webdriver.remote.webelement.WebElement (session="8c4ea3be764211ecce12e48e92826d58", element="74D3CF3E0EA91C0B881F5D906F06B7DE_element_141")&gt;</var>
<kw name="Set Variable" library="BuiltIn">
<var>${movieTitle}</var>
<arg>${movie.text}</arg>
<doc>Returns the given values which can then be assigned to a variables.</doc>
<msg timestamp="20230512 17:37:26.544" level="INFO">${movieTitle} = 21. Seven Samurai (1954)</msg>
<status status="PASS" starttime="20230512 17:37:26.528" endtime="20230512 17:37:26.545"/>
</kw>
<kw name="Append To List" library="Collections">
<arg>${titles}</arg>
<arg>${movieTitle}</arg>
<doc>Adds ``values`` to the end of ``list``.</doc>
<status status="PASS" starttime="20230512 17:37:26.545" endtime="20230512 17:37:26.546"/>
</kw>
<kw name="Log" library="BuiltIn">
<arg>${movieTitle}</arg>
<doc>Logs the given message with the given level.</doc>
<msg timestamp="20230512 17:37:26.547" level="INFO">21. Seven Samurai (1954)</msg>
<status status="PASS" starttime="20230512 17:37:26.546" endtime="20230512 17:37:26.547"/>
</kw>
<status status="PASS" starttime="20230512 17:37:26.528" endtime="20230512 17:37:26.547"/>
</iter>
<iter>
<var name="${movie}">&lt;selenium.webdriver.remote.webelement.WebElement (session="8c4ea3be764211ecce12e48e92826d58", element="74D3CF3E0EA91C0B881F5D906F06B7DE_element_142")&gt;</var>
<kw name="Set Variable" library="BuiltIn">
<var>${movieTitle}</var>
<arg>${movie.text}</arg>
<doc>Returns the given values which can then be assigned to a variables.</doc>
<msg timestamp="20230512 17:37:26.561" level="INFO">${movieTitle} = 22. The Silence of the Lambs (1991)</msg>
<status status="PASS" starttime="20230512 17:37:26.548" endtime="20230512 17:37:26.562"/>
</kw>
<kw name="Append To List" library="Collections">
<arg>${titles}</arg>
<arg>${movieTitle}</arg>
<doc>Adds ``values`` to the end of ``list``.</doc>
<status status="PASS" starttime="20230512 17:37:26.562" endtime="20230512 17:37:26.563"/>
</kw>
<kw name="Log" library="BuiltIn">
<arg>${movieTitle}</arg>
<doc>Logs the given message with the given level.</doc>
<msg timestamp="20230512 17:37:26.564" level="INFO">22. The Silence of the Lambs (1991)</msg>
<status status="PASS" starttime="20230512 17:37:26.563" endtime="20230512 17:37:26.564"/>
</kw>
<status status="PASS" starttime="20230512 17:37:26.547" endtime="20230512 17:37:26.564"/>
</iter>
<iter>
<var name="${movie}">&lt;selenium.webdriver.remote.webelement.WebElement (session="8c4ea3be764211ecce12e48e92826d58", element="74D3CF3E0EA91C0B881F5D906F06B7DE_element_143")&gt;</var>
<kw name="Set Variable" library="BuiltIn">
<var>${movieTitle}</var>
<arg>${movie.text}</arg>
<doc>Returns the given values which can then be assigned to a variables.</doc>
<msg timestamp="20230512 17:37:26.580" level="INFO">${movieTitle} = 23. Saving Private Ryan (1998)</msg>
<status status="PASS" starttime="20230512 17:37:26.565" endtime="20230512 17:37:26.580"/>
</kw>
<kw name="Append To List" library="Collections">
<arg>${titles}</arg>
<arg>${movieTitle}</arg>
<doc>Adds ``values`` to the end of ``list``.</doc>
<status status="PASS" starttime="20230512 17:37:26.581" endtime="20230512 17:37:26.582"/>
</kw>
<kw name="Log" library="BuiltIn">
<arg>${movieTitle}</arg>
<doc>Logs the given message with the given level.</doc>
<msg timestamp="20230512 17:37:26.583" level="INFO">23. Saving Private Ryan (1998)</msg>
<status status="PASS" starttime="20230512 17:37:26.582" endtime="20230512 17:37:26.583"/>
</kw>
<status status="PASS" starttime="20230512 17:37:26.564" endtime="20230512 17:37:26.584"/>
</iter>
<iter>
<var name="${movie}">&lt;selenium.webdriver.remote.webelement.WebElement (session="8c4ea3be764211ecce12e48e92826d58", element="74D3CF3E0EA91C0B881F5D906F06B7DE_element_144")&gt;</var>
<kw name="Set Variable" library="BuiltIn">
<var>${movieTitle}</var>
<arg>${movie.text}</arg>
<doc>Returns the given values which can then be assigned to a variables.</doc>
<msg timestamp="20230512 17:37:26.600" level="INFO">${movieTitle} = 24. City of God (2002)</msg>
<status status="PASS" starttime="20230512 17:37:26.585" endtime="20230512 17:37:26.600"/>
</kw>
<kw name="Append To List" library="Collections">
<arg>${titles}</arg>
<arg>${movieTitle}</arg>
<doc>Adds ``values`` to the end of ``list``.</doc>
<status status="PASS" starttime="20230512 17:37:26.601" endtime="20230512 17:37:26.601"/>
</kw>
<kw name="Log" library="BuiltIn">
<arg>${movieTitle}</arg>
<doc>Logs the given message with the given level.</doc>
<msg timestamp="20230512 17:37:26.602" level="INFO">24. City of God (2002)</msg>
<status status="PASS" starttime="20230512 17:37:26.602" endtime="20230512 17:37:26.602"/>
</kw>
<status status="PASS" starttime="20230512 17:37:26.584" endtime="20230512 17:37:26.602"/>
</iter>
<iter>
<var name="${movie}">&lt;selenium.webdriver.remote.webelement.WebElement (session="8c4ea3be764211ecce12e48e92826d58", element="74D3CF3E0EA91C0B881F5D906F06B7DE_element_145")&gt;</var>
<kw name="Set Variable" library="BuiltIn">
<var>${movieTitle}</var>
<arg>${movie.text}</arg>
<doc>Returns the given values which can then be assigned to a variables.</doc>
<msg timestamp="20230512 17:37:26.621" level="INFO">${movieTitle} = 25. Interstellar (2014)</msg>
<status status="PASS" starttime="20230512 17:37:26.603" endtime="20230512 17:37:26.621"/>
</kw>
<kw name="Append To List" library="Collections">
<arg>${titles}</arg>
<arg>${movieTitle}</arg>
<doc>Adds ``values`` to the end of ``list``.</doc>
<status status="PASS" starttime="20230512 17:37:26.621" endtime="20230512 17:37:26.622"/>
</kw>
<kw name="Log" library="BuiltIn">
<arg>${movieTitle}</arg>
<doc>Logs the given message with the given level.</doc>
<msg timestamp="20230512 17:37:26.623" level="INFO">25. Interstellar (2014)</msg>
<status status="PASS" starttime="20230512 17:37:26.622" endtime="20230512 17:37:26.623"/>
</kw>
<status status="PASS" starttime="20230512 17:37:26.603" endtime="20230512 17:37:26.623"/>
</iter>
<iter>
<var name="${movie}">&lt;selenium.webdriver.remote.webelement.WebElement (session="8c4ea3be764211ecce12e48e92826d58", element="74D3CF3E0EA91C0B881F5D906F06B7DE_element_146")&gt;</var>
<kw name="Set Variable" library="BuiltIn">
<var>${movieTitle}</var>
<arg>${movie.text}</arg>
<doc>Returns the given values which can then be assigned to a variables.</doc>
<msg timestamp="20230512 17:37:26.649" level="INFO">${movieTitle} = 26. Life Is Beautiful (1997)</msg>
<status status="PASS" starttime="20230512 17:37:26.624" endtime="20230512 17:37:26.649"/>
</kw>
<kw name="Append To List" library="Collections">
<arg>${titles}</arg>
<arg>${movieTitle}</arg>
<doc>Adds ``values`` to the end of ``list``.</doc>
<status status="PASS" starttime="20230512 17:37:26.650" endtime="20230512 17:37:26.651"/>
</kw>
<kw name="Log" library="BuiltIn">
<arg>${movieTitle}</arg>
<doc>Logs the given message with the given level.</doc>
<msg timestamp="20230512 17:37:26.652" level="INFO">26. Life Is Beautiful (1997)</msg>
<status status="PASS" starttime="20230512 17:37:26.651" endtime="20230512 17:37:26.652"/>
</kw>
<status status="PASS" starttime="20230512 17:37:26.624" endtime="20230512 17:37:26.652"/>
</iter>
<iter>
<var name="${movie}">&lt;selenium.webdriver.remote.webelement.WebElement (session="8c4ea3be764211ecce12e48e92826d58", element="74D3CF3E0EA91C0B881F5D906F06B7DE_element_147")&gt;</var>
<kw name="Set Variable" library="BuiltIn">
<var>${movieTitle}</var>
<arg>${movie.text}</arg>
<doc>Returns the given values which can then be assigned to a variables.</doc>
<msg timestamp="20230512 17:37:26.668" level="INFO">${movieTitle} = 27. The Green Mile (1999)</msg>
<status status="PASS" starttime="20230512 17:37:26.653" endtime="20230512 17:37:26.668"/>
</kw>
<kw name="Append To List" library="Collections">
<arg>${titles}</arg>
<arg>${movieTitle}</arg>
<doc>Adds ``values`` to the end of ``list``.</doc>
<status status="PASS" starttime="20230512 17:37:26.668" endtime="20230512 17:37:26.669"/>
</kw>
<kw name="Log" library="BuiltIn">
<arg>${movieTitle}</arg>
<doc>Logs the given message with the given level.</doc>
<msg timestamp="20230512 17:37:26.669" level="INFO">27. The Green Mile (1999)</msg>
<status status="PASS" starttime="20230512 17:37:26.669" endtime="20230512 17:37:26.669"/>
</kw>
<status status="PASS" starttime="20230512 17:37:26.653" endtime="20230512 17:37:26.670"/>
</iter>
<iter>
<var name="${movie}">&lt;selenium.webdriver.remote.webelement.WebElement (session="8c4ea3be764211ecce12e48e92826d58", element="74D3CF3E0EA91C0B881F5D906F06B7DE_element_148")&gt;</var>
<kw name="Set Variable" library="BuiltIn">
<var>${movieTitle}</var>
<arg>${movie.text}</arg>
<doc>Returns the given values which can then be assigned to a variables.</doc>
<msg timestamp="20230512 17:37:26.686" level="INFO">${movieTitle} = 28. Star Wars: Episode IV - A New Hope (1977)</msg>
<status status="PASS" starttime="20230512 17:37:26.670" endtime="20230512 17:37:26.687"/>
</kw>
<kw name="Append To List" library="Collections">
<arg>${titles}</arg>
<arg>${movieTitle}</arg>
<doc>Adds ``values`` to the end of ``list``.</doc>
<status status="PASS" starttime="20230512 17:37:26.687" endtime="20230512 17:37:26.688"/>
</kw>
<kw name="Log" library="BuiltIn">
<arg>${movieTitle}</arg>
<doc>Logs the given message with the given level.</doc>
<msg timestamp="20230512 17:37:26.688" level="INFO">28. Star Wars: Episode IV - A New Hope (1977)</msg>
<status status="PASS" starttime="20230512 17:37:26.688" endtime="20230512 17:37:26.688"/>
</kw>
<status status="PASS" starttime="20230512 17:37:26.670" endtime="20230512 17:37:26.689"/>
</iter>
<iter>
<var name="${movie}">&lt;selenium.webdriver.remote.webelement.WebElement (session="8c4ea3be764211ecce12e48e92826d58", element="74D3CF3E0EA91C0B881F5D906F06B7DE_element_149")&gt;</var>
<kw name="Set Variable" library="BuiltIn">
<var>${movieTitle}</var>
<arg>${movie.text}</arg>
<doc>Returns the given values which can then be assigned to a variables.</doc>
<msg timestamp="20230512 17:37:26.705" level="INFO">${movieTitle} = 29. Terminator 2: Judgment Day (1991)</msg>
<status status="PASS" starttime="20230512 17:37:26.689" endtime="20230512 17:37:26.705"/>
</kw>
<kw name="Append To List" library="Collections">
<arg>${titles}</arg>
<arg>${movieTitle}</arg>
<doc>Adds ``values`` to the end of ``list``.</doc>
<status status="PASS" starttime="20230512 17:37:26.706" endtime="20230512 17:37:26.706"/>
</kw>
<kw name="Log" library="BuiltIn">
<arg>${movieTitle}</arg>
<doc>Logs the given message with the given level.</doc>
<msg timestamp="20230512 17:37:26.707" level="INFO">29. Terminator 2: Judgment Day (1991)</msg>
<status status="PASS" starttime="20230512 17:37:26.707" endtime="20230512 17:37:26.708"/>
</kw>
<status status="PASS" starttime="20230512 17:37:26.689" endtime="20230512 17:37:26.708"/>
</iter>
<iter>
<var name="${movie}">&lt;selenium.webdriver.remote.webelement.WebElement (session="8c4ea3be764211ecce12e48e92826d58", element="74D3CF3E0EA91C0B881F5D906F06B7DE_element_150")&gt;</var>
<kw name="Set Variable" library="BuiltIn">
<var>${movieTitle}</var>
<arg>${movie.text}</arg>
<doc>Returns the given values which can then be assigned to a variables.</doc>
<msg timestamp="20230512 17:37:26.722" level="INFO">${movieTitle} = 30. Back to the Future (1985)</msg>
<status status="PASS" starttime="20230512 17:37:26.708" endtime="20230512 17:37:26.722"/>
</kw>
<kw name="Append To List" library="Collections">
<arg>${titles}</arg>
<arg>${movieTitle}</arg>
<doc>Adds ``values`` to the end of ``list``.</doc>
<status status="PASS" starttime="20230512 17:37:26.723" endtime="20230512 17:37:26.724"/>
</kw>
<kw name="Log" library="BuiltIn">
<arg>${movieTitle}</arg>
<doc>Logs the given message with the given level.</doc>
<msg timestamp="20230512 17:37:26.725" level="INFO">30. Back to the Future (1985)</msg>
<status status="PASS" starttime="20230512 17:37:26.724" endtime="20230512 17:37:26.725"/>
</kw>
<status status="PASS" starttime="20230512 17:37:26.708" endtime="20230512 17:37:26.725"/>
</iter>
<iter>
<var name="${movie}">&lt;selenium.webdriver.remote.webelement.WebElement (session="8c4ea3be764211ecce12e48e92826d58", element="74D3CF3E0EA91C0B881F5D906F06B7DE_element_151")&gt;</var>
<kw name="Set Variable" library="BuiltIn">
<var>${movieTitle}</var>
<arg>${movie.text}</arg>
<doc>Returns the given values which can then be assigned to a variables.</doc>
<msg timestamp="20230512 17:37:26.741" level="INFO">${movieTitle} = 31. Spirited Away (2001)</msg>
<status status="PASS" starttime="20230512 17:37:26.726" endtime="20230512 17:37:26.741"/>
</kw>
<kw name="Append To List" library="Collections">
<arg>${titles}</arg>
<arg>${movieTitle}</arg>
<doc>Adds ``values`` to the end of ``list``.</doc>
<status status="PASS" starttime="20230512 17:37:26.742" endtime="20230512 17:37:26.742"/>
</kw>
<kw name="Log" library="BuiltIn">
<arg>${movieTitle}</arg>
<doc>Logs the given message with the given level.</doc>
<msg timestamp="20230512 17:37:26.743" level="INFO">31. Spirited Away (2001)</msg>
<status status="PASS" starttime="20230512 17:37:26.743" endtime="20230512 17:37:26.743"/>
</kw>
<status status="PASS" starttime="20230512 17:37:26.726" endtime="20230512 17:37:26.744"/>
</iter>
<iter>
<var name="${movie}">&lt;selenium.webdriver.remote.webelement.WebElement (session="8c4ea3be764211ecce12e48e92826d58", element="74D3CF3E0EA91C0B881F5D906F06B7DE_element_152")&gt;</var>
<kw name="Set Variable" library="BuiltIn">
<var>${movieTitle}</var>
<arg>${movie.text}</arg>
<doc>Returns the given values which can then be assigned to a variables.</doc>
<msg timestamp="20230512 17:37:26.759" level="INFO">${movieTitle} = 32. The Pianist (2002)</msg>
<status status="PASS" starttime="20230512 17:37:26.745" endtime="20230512 17:37:26.759"/>
</kw>
<kw name="Append To List" library="Collections">
<arg>${titles}</arg>
<arg>${movieTitle}</arg>
<doc>Adds ``values`` to the end of ``list``.</doc>
<status status="PASS" starttime="20230512 17:37:26.760" endtime="20230512 17:37:26.760"/>
</kw>
<kw name="Log" library="BuiltIn">
<arg>${movieTitle}</arg>
<doc>Logs the given message with the given level.</doc>
<msg timestamp="20230512 17:37:26.761" level="INFO">32. The Pianist (2002)</msg>
<status status="PASS" starttime="20230512 17:37:26.761" endtime="20230512 17:37:26.761"/>
</kw>
<status status="PASS" starttime="20230512 17:37:26.744" endtime="20230512 17:37:26.761"/>
</iter>
<iter>
<var name="${movie}">&lt;selenium.webdriver.remote.webelement.WebElement (session="8c4ea3be764211ecce12e48e92826d58", element="74D3CF3E0EA91C0B881F5D906F06B7DE_element_153")&gt;</var>
<kw name="Set Variable" library="BuiltIn">
<var>${movieTitle}</var>
<arg>${movie.text}</arg>
<doc>Returns the given values which can then be assigned to a variables.</doc>
<msg timestamp="20230512 17:37:26.777" level="INFO">${movieTitle} = 33. Psycho (1960)</msg>
<status status="PASS" starttime="20230512 17:37:26.762" endtime="20230512 17:37:26.777"/>
</kw>
<kw name="Append To List" library="Collections">
<arg>${titles}</arg>
<arg>${movieTitle}</arg>
<doc>Adds ``values`` to the end of ``list``.</doc>
<status status="PASS" starttime="20230512 17:37:26.777" endtime="20230512 17:37:26.778"/>
</kw>
<kw name="Log" library="BuiltIn">
<arg>${movieTitle}</arg>
<doc>Logs the given message with the given level.</doc>
<msg timestamp="20230512 17:37:26.779" level="INFO">33. Psycho (1960)</msg>
<status status="PASS" starttime="20230512 17:37:26.778" endtime="20230512 17:37:26.779"/>
</kw>
<status status="PASS" starttime="20230512 17:37:26.762" endtime="20230512 17:37:26.779"/>
</iter>
<iter>
<var name="${movie}">&lt;selenium.webdriver.remote.webelement.WebElement (session="8c4ea3be764211ecce12e48e92826d58", element="74D3CF3E0EA91C0B881F5D906F06B7DE_element_154")&gt;</var>
<kw name="Set Variable" library="BuiltIn">
<var>${movieTitle}</var>
<arg>${movie.text}</arg>
<doc>Returns the given values which can then be assigned to a variables.</doc>
<msg timestamp="20230512 17:37:26.794" level="INFO">${movieTitle} = 34. Parasite (2019)</msg>
<status status="PASS" starttime="20230512 17:37:26.780" endtime="20230512 17:37:26.795"/>
</kw>
<kw name="Append To List" library="Collections">
<arg>${titles}</arg>
<arg>${movieTitle}</arg>
<doc>Adds ``values`` to the end of ``list``.</doc>
<status status="PASS" starttime="20230512 17:37:26.795" endtime="20230512 17:37:26.795"/>
</kw>
<kw name="Log" library="BuiltIn">
<arg>${movieTitle}</arg>
<doc>Logs the given message with the given level.</doc>
<msg timestamp="20230512 17:37:26.796" level="INFO">34. Parasite (2019)</msg>
<status status="PASS" starttime="20230512 17:37:26.796" endtime="20230512 17:37:26.797"/>
</kw>
<status status="PASS" starttime="20230512 17:37:26.779" endtime="20230512 17:37:26.797"/>
</iter>
<iter>
<var name="${movie}">&lt;selenium.webdriver.remote.webelement.WebElement (session="8c4ea3be764211ecce12e48e92826d58", element="74D3CF3E0EA91C0B881F5D906F06B7DE_element_155")&gt;</var>
<kw name="Set Variable" library="BuiltIn">
<var>${movieTitle}</var>
<arg>${movie.text}</arg>
<doc>Returns the given values which can then be assigned to a variables.</doc>
<msg timestamp="20230512 17:37:26.812" level="INFO">${movieTitle} = 35. Léon: The Professional (1994)</msg>
<status status="PASS" starttime="20230512 17:37:26.798" endtime="20230512 17:37:26.812"/>
</kw>
<kw name="Append To List" library="Collections">
<arg>${titles}</arg>
<arg>${movieTitle}</arg>
<doc>Adds ``values`` to the end of ``list``.</doc>
<status status="PASS" starttime="20230512 17:37:26.813" endtime="20230512 17:37:26.814"/>
</kw>
<kw name="Log" library="BuiltIn">
<arg>${movieTitle}</arg>
<doc>Logs the given message with the given level.</doc>
<msg timestamp="20230512 17:37:26.815" level="INFO">35. Léon: The Professional (1994)</msg>
<status status="PASS" starttime="20230512 17:37:26.814" endtime="20230512 17:37:26.816"/>
</kw>
<status status="PASS" starttime="20230512 17:37:26.797" endtime="20230512 17:37:26.816"/>
</iter>
<iter>
<var name="${movie}">&lt;selenium.webdriver.remote.webelement.WebElement (session="8c4ea3be764211ecce12e48e92826d58", element="74D3CF3E0EA91C0B881F5D906F06B7DE_element_156")&gt;</var>
<kw name="Set Variable" library="BuiltIn">
<var>${movieTitle}</var>
<arg>${movie.text}</arg>
<doc>Returns the given values which can then be assigned to a variables.</doc>
<msg timestamp="20230512 17:37:26.832" level="INFO">${movieTitle} = 36. Gladiator (2000)</msg>
<status status="PASS" starttime="20230512 17:37:26.817" endtime="20230512 17:37:26.833"/>
</kw>
<kw name="Append To List" library="Collections">
<arg>${titles}</arg>
<arg>${movieTitle}</arg>
<doc>Adds ``values`` to the end of ``list``.</doc>
<status status="PASS" starttime="20230512 17:37:26.833" endtime="20230512 17:37:26.834"/>
</kw>
<kw name="Log" library="BuiltIn">
<arg>${movieTitle}</arg>
<doc>Logs the given message with the given level.</doc>
<msg timestamp="20230512 17:37:26.834" level="INFO">36. Gladiator (2000)</msg>
<status status="PASS" starttime="20230512 17:37:26.834" endtime="20230512 17:37:26.834"/>
</kw>
<status status="PASS" starttime="20230512 17:37:26.817" endtime="20230512 17:37:26.835"/>
</iter>
<iter>
<var name="${movie}">&lt;selenium.webdriver.remote.webelement.WebElement (session="8c4ea3be764211ecce12e48e92826d58", element="74D3CF3E0EA91C0B881F5D906F06B7DE_element_157")&gt;</var>
<kw name="Set Variable" library="BuiltIn">
<var>${movieTitle}</var>
<arg>${movie.text}</arg>
<doc>Returns the given values which can then be assigned to a variables.</doc>
<msg timestamp="20230512 17:37:26.850" level="INFO">${movieTitle} = 37. The Lion King (1994)</msg>
<status status="PASS" starttime="20230512 17:37:26.835" endtime="20230512 17:37:26.850"/>
</kw>
<kw name="Append To List" library="Collections">
<arg>${titles}</arg>
<arg>${movieTitle}</arg>
<doc>Adds ``values`` to the end of ``list``.</doc>
<status status="PASS" starttime="20230512 17:37:26.850" endtime="20230512 17:37:26.851"/>
</kw>
<kw name="Log" library="BuiltIn">
<arg>${movieTitle}</arg>
<doc>Logs the given message with the given level.</doc>
<msg timestamp="20230512 17:37:26.851" level="INFO">37. The Lion King (1994)</msg>
<status status="PASS" starttime="20230512 17:37:26.851" endtime="20230512 17:37:26.851"/>
</kw>
<status status="PASS" starttime="20230512 17:37:26.835" endtime="20230512 17:37:26.852"/>
</iter>
<iter>
<var name="${movie}">&lt;selenium.webdriver.remote.webelement.WebElement (session="8c4ea3be764211ecce12e48e92826d58", element="74D3CF3E0EA91C0B881F5D906F06B7DE_element_158")&gt;</var>
<kw name="Set Variable" library="BuiltIn">
<var>${movieTitle}</var>
<arg>${movie.text}</arg>
<doc>Returns the given values which can then be assigned to a variables.</doc>
<msg timestamp="20230512 17:37:26.869" level="INFO">${movieTitle} = 38. American History X (1998)</msg>
<status status="PASS" starttime="20230512 17:37:26.852" endtime="20230512 17:37:26.869"/>
</kw>
<kw name="Append To List" library="Collections">
<arg>${titles}</arg>
<arg>${movieTitle}</arg>
<doc>Adds ``values`` to the end of ``list``.</doc>
<status status="PASS" starttime="20230512 17:37:26.869" endtime="20230512 17:37:26.870"/>
</kw>
<kw name="Log" library="BuiltIn">
<arg>${movieTitle}</arg>
<doc>Logs the given message with the given level.</doc>
<msg timestamp="20230512 17:37:26.870" level="INFO">38. American History X (1998)</msg>
<status status="PASS" starttime="20230512 17:37:26.870" endtime="20230512 17:37:26.870"/>
</kw>
<status status="PASS" starttime="20230512 17:37:26.852" endtime="20230512 17:37:26.871"/>
</iter>
<iter>
<var name="${movie}">&lt;selenium.webdriver.remote.webelement.WebElement (session="8c4ea3be764211ecce12e48e92826d58", element="74D3CF3E0EA91C0B881F5D906F06B7DE_element_159")&gt;</var>
<kw name="Set Variable" library="BuiltIn">
<var>${movieTitle}</var>
<arg>${movie.text}</arg>
<doc>Returns the given values which can then be assigned to a variables.</doc>
<msg timestamp="20230512 17:37:26.886" level="INFO">${movieTitle} = 39. The Departed (2006)</msg>
<status status="PASS" starttime="20230512 17:37:26.871" endtime="20230512 17:37:26.887"/>
</kw>
<kw name="Append To List" library="Collections">
<arg>${titles}</arg>
<arg>${movieTitle}</arg>
<doc>Adds ``values`` to the end of ``list``.</doc>
<status status="PASS" starttime="20230512 17:37:26.887" endtime="20230512 17:37:26.888"/>
</kw>
<kw name="Log" library="BuiltIn">
<arg>${movieTitle}</arg>
<doc>Logs the given message with the given level.</doc>
<msg timestamp="20230512 17:37:26.889" level="INFO">39. The Departed (2006)</msg>
<status status="PASS" starttime="20230512 17:37:26.888" endtime="20230512 17:37:26.889"/>
</kw>
<status status="PASS" starttime="20230512 17:37:26.871" endtime="20230512 17:37:26.889"/>
</iter>
<iter>
<var name="${movie}">&lt;selenium.webdriver.remote.webelement.WebElement (session="8c4ea3be764211ecce12e48e92826d58", element="74D3CF3E0EA91C0B881F5D906F06B7DE_element_160")&gt;</var>
<kw name="Set Variable" library="BuiltIn">
<var>${movieTitle}</var>
<arg>${movie.text}</arg>
<doc>Returns the given values which can then be assigned to a variables.</doc>
<msg timestamp="20230512 17:37:26.903" level="INFO">${movieTitle} = 40. Whiplash (2014)</msg>
<status status="PASS" starttime="20230512 17:37:26.889" endtime="20230512 17:37:26.904"/>
</kw>
<kw name="Append To List" library="Collections">
<arg>${titles}</arg>
<arg>${movieTitle}</arg>
<doc>Adds ``values`` to the end of ``list``.</doc>
<status status="PASS" starttime="20230512 17:37:26.904" endtime="20230512 17:37:26.904"/>
</kw>
<kw name="Log" library="BuiltIn">
<arg>${movieTitle}</arg>
<doc>Logs the given message with the given level.</doc>
<msg timestamp="20230512 17:37:26.905" level="INFO">40. Whiplash (2014)</msg>
<status status="PASS" starttime="20230512 17:37:26.905" endtime="20230512 17:37:26.905"/>
</kw>
<status status="PASS" starttime="20230512 17:37:26.889" endtime="20230512 17:37:26.906"/>
</iter>
<iter>
<var name="${movie}">&lt;selenium.webdriver.remote.webelement.WebElement (session="8c4ea3be764211ecce12e48e92826d58", element="74D3CF3E0EA91C0B881F5D906F06B7DE_element_161")&gt;</var>
<kw name="Set Variable" library="BuiltIn">
<var>${movieTitle}</var>
<arg>${movie.text}</arg>
<doc>Returns the given values which can then be assigned to a variables.</doc>
<msg timestamp="20230512 17:37:26.922" level="INFO">${movieTitle} = 41. The Prestige (2006)</msg>
<status status="PASS" starttime="20230512 17:37:26.906" endtime="20230512 17:37:26.922"/>
</kw>
<kw name="Append To List" library="Collections">
<arg>${titles}</arg>
<arg>${movieTitle}</arg>
<doc>Adds ``values`` to the end of ``list``.</doc>
<status status="PASS" starttime="20230512 17:37:26.923" endtime="20230512 17:37:26.924"/>
</kw>
<kw name="Log" library="BuiltIn">
<arg>${movieTitle}</arg>
<doc>Logs the given message with the given level.</doc>
<msg timestamp="20230512 17:37:26.924" level="INFO">41. The Prestige (2006)</msg>
<status status="PASS" starttime="20230512 17:37:26.924" endtime="20230512 17:37:26.924"/>
</kw>
<status status="PASS" starttime="20230512 17:37:26.906" endtime="20230512 17:37:26.925"/>
</iter>
<iter>
<var name="${movie}">&lt;selenium.webdriver.remote.webelement.WebElement (session="8c4ea3be764211ecce12e48e92826d58", element="74D3CF3E0EA91C0B881F5D906F06B7DE_element_162")&gt;</var>
<kw name="Set Variable" library="BuiltIn">
<var>${movieTitle}</var>
<arg>${movie.text}</arg>
<doc>Returns the given values which can then be assigned to a variables.</doc>
<msg timestamp="20230512 17:37:26.939" level="INFO">${movieTitle} = 42. The Usual Suspects (1995)</msg>
<status status="PASS" starttime="20230512 17:37:26.925" endtime="20230512 17:37:26.940"/>
</kw>
<kw name="Append To List" library="Collections">
<arg>${titles}</arg>
<arg>${movieTitle}</arg>
<doc>Adds ``values`` to the end of ``list``.</doc>
<status status="PASS" starttime="20230512 17:37:26.940" endtime="20230512 17:37:26.940"/>
</kw>
<kw name="Log" library="BuiltIn">
<arg>${movieTitle}</arg>
<doc>Logs the given message with the given level.</doc>
<msg timestamp="20230512 17:37:26.941" level="INFO">42. The Usual Suspects (1995)</msg>
<status status="PASS" starttime="20230512 17:37:26.941" endtime="20230512 17:37:26.942"/>
</kw>
<status status="PASS" starttime="20230512 17:37:26.925" endtime="20230512 17:37:26.942"/>
</iter>
<iter>
<var name="${movie}">&lt;selenium.webdriver.remote.webelement.WebElement (session="8c4ea3be764211ecce12e48e92826d58", element="74D3CF3E0EA91C0B881F5D906F06B7DE_element_163")&gt;</var>
<kw name="Set Variable" library="BuiltIn">
<var>${movieTitle}</var>
<arg>${movie.text}</arg>
<doc>Returns the given values which can then be assigned to a variables.</doc>
<msg timestamp="20230512 17:37:26.966" level="INFO">${movieTitle} = 43. Casablanca (1942)</msg>
<status status="PASS" starttime="20230512 17:37:26.942" endtime="20230512 17:37:26.966"/>
</kw>
<kw name="Append To List" library="Collections">
<arg>${titles}</arg>
<arg>${movieTitle}</arg>
<doc>Adds ``values`` to the end of ``list``.</doc>
<status status="PASS" starttime="20230512 17:37:26.966" endtime="20230512 17:37:26.967"/>
</kw>
<kw name="Log" library="BuiltIn">
<arg>${movieTitle}</arg>
<doc>Logs the given message with the given level.</doc>
<msg timestamp="20230512 17:37:26.967" level="INFO">43. Casablanca (1942)</msg>
<status status="PASS" starttime="20230512 17:37:26.967" endtime="20230512 17:37:26.968"/>
</kw>
<status status="PASS" starttime="20230512 17:37:26.942" endtime="20230512 17:37:26.968"/>
</iter>
<iter>
<var name="${movie}">&lt;selenium.webdriver.remote.webelement.WebElement (session="8c4ea3be764211ecce12e48e92826d58", element="74D3CF3E0EA91C0B881F5D906F06B7DE_element_164")&gt;</var>
<kw name="Set Variable" library="BuiltIn">
<var>${movieTitle}</var>
<arg>${movie.text}</arg>
<doc>Returns the given values which can then be assigned to a variables.</doc>
<msg timestamp="20230512 17:37:26.982" level="INFO">${movieTitle} = 44. Grave of the Fireflies (1988)</msg>
<status status="PASS" starttime="20230512 17:37:26.968" endtime="20230512 17:37:26.983"/>
</kw>
<kw name="Append To List" library="Collections">
<arg>${titles}</arg>
<arg>${movieTitle}</arg>
<doc>Adds ``values`` to the end of ``list``.</doc>
<status status="PASS" starttime="20230512 17:37:26.983" endtime="20230512 17:37:26.984"/>
</kw>
<kw name="Log" library="BuiltIn">
<arg>${movieTitle}</arg>
<doc>Logs the given message with the given level.</doc>
<msg timestamp="20230512 17:37:26.984" level="INFO">44. Grave of the Fireflies (1988)</msg>
<status status="PASS" starttime="20230512 17:37:26.984" endtime="20230512 17:37:26.985"/>
</kw>
<status status="PASS" starttime="20230512 17:37:26.968" endtime="20230512 17:37:26.985"/>
</iter>
<iter>
<var name="${movie}">&lt;selenium.webdriver.remote.webelement.WebElement (session="8c4ea3be764211ecce12e48e92826d58", element="74D3CF3E0EA91C0B881F5D906F06B7DE_element_165")&gt;</var>
<kw name="Set Variable" library="BuiltIn">
<var>${movieTitle}</var>
<arg>${movie.text}</arg>
<doc>Returns the given values which can then be assigned to a variables.</doc>
<msg timestamp="20230512 17:37:27.000" level="INFO">${movieTitle} = 45. Harakiri (1962)</msg>
<status status="PASS" starttime="20230512 17:37:26.985" endtime="20230512 17:37:27.000"/>
</kw>
<kw name="Append To List" library="Collections">
<arg>${titles}</arg>
<arg>${movieTitle}</arg>
<doc>Adds ``values`` to the end of ``list``.</doc>
<status status="PASS" starttime="20230512 17:37:27.000" endtime="20230512 17:37:27.001"/>
</kw>
<kw name="Log" library="BuiltIn">
<arg>${movieTitle}</arg>
<doc>Logs the given message with the given level.</doc>
<msg timestamp="20230512 17:37:27.002" level="INFO">45. Harakiri (1962)</msg>
<status status="PASS" starttime="20230512 17:37:27.001" endtime="20230512 17:37:27.002"/>
</kw>
<status status="PASS" starttime="20230512 17:37:26.985" endtime="20230512 17:37:27.002"/>
</iter>
<iter>
<var name="${movie}">&lt;selenium.webdriver.remote.webelement.WebElement (session="8c4ea3be764211ecce12e48e92826d58", element="74D3CF3E0EA91C0B881F5D906F06B7DE_element_166")&gt;</var>
<kw name="Set Variable" library="BuiltIn">
<var>${movieTitle}</var>
<arg>${movie.text}</arg>
<doc>Returns the given values which can then be assigned to a variables.</doc>
<msg timestamp="20230512 17:37:27.022" level="INFO">${movieTitle} = 46. The Intouchables (2011)</msg>
<status status="PASS" starttime="20230512 17:37:27.003" endtime="20230512 17:37:27.022"/>
</kw>
<kw name="Append To List" library="Collections">
<arg>${titles}</arg>
<arg>${movieTitle}</arg>
<doc>Adds ``values`` to the end of ``list``.</doc>
<status status="PASS" starttime="20230512 17:37:27.023" endtime="20230512 17:37:27.023"/>
</kw>
<kw name="Log" library="BuiltIn">
<arg>${movieTitle}</arg>
<doc>Logs the given message with the given level.</doc>
<msg timestamp="20230512 17:37:27.025" level="INFO">46. The Intouchables (2011)</msg>
<status status="PASS" starttime="20230512 17:37:27.024" endtime="20230512 17:37:27.025"/>
</kw>
<status status="PASS" starttime="20230512 17:37:27.002" endtime="20230512 17:37:27.025"/>
</iter>
<iter>
<var name="${movie}">&lt;selenium.webdriver.remote.webelement.WebElement (session="8c4ea3be764211ecce12e48e92826d58", element="74D3CF3E0EA91C0B881F5D906F06B7DE_element_167")&gt;</var>
<kw name="Set Variable" library="BuiltIn">
<var>${movieTitle}</var>
<arg>${movie.text}</arg>
<doc>Returns the given values which can then be assigned to a variables.</doc>
<msg timestamp="20230512 17:37:27.040" level="INFO">${movieTitle} = 47. Modern Times (1936)</msg>
<status status="PASS" starttime="20230512 17:37:27.026" endtime="20230512 17:37:27.040"/>
</kw>
<kw name="Append To List" library="Collections">
<arg>${titles}</arg>
<arg>${movieTitle}</arg>
<doc>Adds ``values`` to the end of ``list``.</doc>
<status status="PASS" starttime="20230512 17:37:27.040" endtime="20230512 17:37:27.041"/>
</kw>
<kw name="Log" library="BuiltIn">
<arg>${movieTitle}</arg>
<doc>Logs the given message with the given level.</doc>
<msg timestamp="20230512 17:37:27.041" level="INFO">47. Modern Times (1936)</msg>
<status status="PASS" starttime="20230512 17:37:27.041" endtime="20230512 17:37:27.042"/>
</kw>
<status status="PASS" starttime="20230512 17:37:27.025" endtime="20230512 17:37:27.042"/>
</iter>
<iter>
<var name="${movie}">&lt;selenium.webdriver.remote.webelement.WebElement (session="8c4ea3be764211ecce12e48e92826d58", element="74D3CF3E0EA91C0B881F5D906F06B7DE_element_168")&gt;</var>
<kw name="Set Variable" library="BuiltIn">
<var>${movieTitle}</var>
<arg>${movie.text}</arg>
<doc>Returns the given values which can then be assigned to a variables.</doc>
<msg timestamp="20230512 17:37:27.058" level="INFO">${movieTitle} = 48. Once Upon a Time in the West (1968)</msg>
<status status="PASS" starttime="20230512 17:37:27.042" endtime="20230512 17:37:27.058"/>
</kw>
<kw name="Append To List" library="Collections">
<arg>${titles}</arg>
<arg>${movieTitle}</arg>
<doc>Adds ``values`` to the end of ``list``.</doc>
<status status="PASS" starttime="20230512 17:37:27.058" endtime="20230512 17:37:27.059"/>
</kw>
<kw name="Log" library="BuiltIn">
<arg>${movieTitle}</arg>
<doc>Logs the given message with the given level.</doc>
<msg timestamp="20230512 17:37:27.059" level="INFO">48. Once Upon a Time in the West (1968)</msg>
<status status="PASS" starttime="20230512 17:37:27.059" endtime="20230512 17:37:27.059"/>
</kw>
<status status="PASS" starttime="20230512 17:37:27.042" endtime="20230512 17:37:27.059"/>
</iter>
<iter>
<var name="${movie}">&lt;selenium.webdriver.remote.webelement.WebElement (session="8c4ea3be764211ecce12e48e92826d58", element="74D3CF3E0EA91C0B881F5D906F06B7DE_element_169")&gt;</var>
<kw name="Set Variable" library="BuiltIn">
<var>${movieTitle}</var>
<arg>${movie.text}</arg>
<doc>Returns the given values which can then be assigned to a variables.</doc>
<msg timestamp="20230512 17:37:27.074" level="INFO">${movieTitle} = 49. Cinema Paradiso (1988)</msg>
<status status="PASS" starttime="20230512 17:37:27.060" endtime="20230512 17:37:27.074"/>
</kw>
<kw name="Append To List" library="Collections">
<arg>${titles}</arg>
<arg>${movieTitle}</arg>
<doc>Adds ``values`` to the end of ``list``.</doc>
<status status="PASS" starttime="20230512 17:37:27.074" endtime="20230512 17:37:27.075"/>
</kw>
<kw name="Log" library="BuiltIn">
<arg>${movieTitle}</arg>
<doc>Logs the given message with the given level.</doc>
<msg timestamp="20230512 17:37:27.075" level="INFO">49. Cinema Paradiso (1988)</msg>
<status status="PASS" starttime="20230512 17:37:27.075" endtime="20230512 17:37:27.076"/>
</kw>
<status status="PASS" starttime="20230512 17:37:27.060" endtime="20230512 17:37:27.076"/>
</iter>
<iter>
<var name="${movie}">&lt;selenium.webdriver.remote.webelement.WebElement (session="8c4ea3be764211ecce12e48e92826d58", element="74D3CF3E0EA91C0B881F5D906F06B7DE_element_170")&gt;</var>
<kw name="Set Variable" library="BuiltIn">
<var>${movieTitle}</var>
<arg>${movie.text}</arg>
<doc>Returns the given values which can then be assigned to a variables.</doc>
<msg timestamp="20230512 17:37:27.093" level="INFO">${movieTitle} = 50. Rear Window (1954)</msg>
<status status="PASS" starttime="20230512 17:37:27.077" endtime="20230512 17:37:27.094"/>
</kw>
<kw name="Append To List" library="Collections">
<arg>${titles}</arg>
<arg>${movieTitle}</arg>
<doc>Adds ``values`` to the end of ``list``.</doc>
<status status="PASS" starttime="20230512 17:37:27.094" endtime="20230512 17:37:27.095"/>
</kw>
<kw name="Log" library="BuiltIn">
<arg>${movieTitle}</arg>
<doc>Logs the given message with the given level.</doc>
<msg timestamp="20230512 17:37:27.095" level="INFO">50. Rear Window (1954)</msg>
<status status="PASS" starttime="20230512 17:37:27.095" endtime="20230512 17:37:27.096"/>
</kw>
<status status="PASS" starttime="20230512 17:37:27.076" endtime="20230512 17:37:27.096"/>
</iter>
<iter>
<var name="${movie}">&lt;selenium.webdriver.remote.webelement.WebElement (session="8c4ea3be764211ecce12e48e92826d58", element="74D3CF3E0EA91C0B881F5D906F06B7DE_element_171")&gt;</var>
<kw name="Set Variable" library="BuiltIn">
<var>${movieTitle}</var>
<arg>${movie.text}</arg>
<doc>Returns the given values which can then be assigned to a variables.</doc>
<msg timestamp="20230512 17:37:27.111" level="INFO">${movieTitle} = 51. Alien (1979)</msg>
<status status="PASS" starttime="20230512 17:37:27.097" endtime="20230512 17:37:27.112"/>
</kw>
<kw name="Append To List" library="Collections">
<arg>${titles}</arg>
<arg>${movieTitle}</arg>
<doc>Adds ``values`` to the end of ``list``.</doc>
<status status="PASS" starttime="20230512 17:37:27.112" endtime="20230512 17:37:27.113"/>
</kw>
<kw name="Log" library="BuiltIn">
<arg>${movieTitle}</arg>
<doc>Logs the given message with the given level.</doc>
<msg timestamp="20230512 17:37:27.114" level="INFO">51. Alien (1979)</msg>
<status status="PASS" starttime="20230512 17:37:27.113" endtime="20230512 17:37:27.114"/>
</kw>
<status status="PASS" starttime="20230512 17:37:27.096" endtime="20230512 17:37:27.114"/>
</iter>
<iter>
<var name="${movie}">&lt;selenium.webdriver.remote.webelement.WebElement (session="8c4ea3be764211ecce12e48e92826d58", element="74D3CF3E0EA91C0B881F5D906F06B7DE_element_172")&gt;</var>
<kw name="Set Variable" library="BuiltIn">
<var>${movieTitle}</var>
<arg>${movie.text}</arg>
<doc>Returns the given values which can then be assigned to a variables.</doc>
<msg timestamp="20230512 17:37:27.128" level="INFO">${movieTitle} = 52. City Lights (1931)</msg>
<status status="PASS" starttime="20230512 17:37:27.115" endtime="20230512 17:37:27.128"/>
</kw>
<kw name="Append To List" library="Collections">
<arg>${titles}</arg>
<arg>${movieTitle}</arg>
<doc>Adds ``values`` to the end of ``list``.</doc>
<status status="PASS" starttime="20230512 17:37:27.129" endtime="20230512 17:37:27.130"/>
</kw>
<kw name="Log" library="BuiltIn">
<arg>${movieTitle}</arg>
<doc>Logs the given message with the given level.</doc>
<msg timestamp="20230512 17:37:27.131" level="INFO">52. City Lights (1931)</msg>
<status status="PASS" starttime="20230512 17:37:27.130" endtime="20230512 17:37:27.131"/>
</kw>
<status status="PASS" starttime="20230512 17:37:27.114" endtime="20230512 17:37:27.131"/>
</iter>
<iter>
<var name="${movie}">&lt;selenium.webdriver.remote.webelement.WebElement (session="8c4ea3be764211ecce12e48e92826d58", element="74D3CF3E0EA91C0B881F5D906F06B7DE_element_173")&gt;</var>
<kw name="Set Variable" library="BuiltIn">
<var>${movieTitle}</var>
<arg>${movie.text}</arg>
<doc>Returns the given values which can then be assigned to a variables.</doc>
<msg timestamp="20230512 17:37:27.149" level="INFO">${movieTitle} = 53. Apocalypse Now (1979)</msg>
<status status="PASS" starttime="20230512 17:37:27.132" endtime="20230512 17:37:27.150"/>
</kw>
<kw name="Append To List" library="Collections">
<arg>${titles}</arg>
<arg>${movieTitle}</arg>
<doc>Adds ``values`` to the end of ``list``.</doc>
<status status="PASS" starttime="20230512 17:37:27.150" endtime="20230512 17:37:27.151"/>
</kw>
<kw name="Log" library="BuiltIn">
<arg>${movieTitle}</arg>
<doc>Logs the given message with the given level.</doc>
<msg timestamp="20230512 17:37:27.152" level="INFO">53. Apocalypse Now (1979)</msg>
<status status="PASS" starttime="20230512 17:37:27.151" endtime="20230512 17:37:27.152"/>
</kw>
<status status="PASS" starttime="20230512 17:37:27.132" endtime="20230512 17:37:27.153"/>
</iter>
<iter>
<var name="${movie}">&lt;selenium.webdriver.remote.webelement.WebElement (session="8c4ea3be764211ecce12e48e92826d58", element="74D3CF3E0EA91C0B881F5D906F06B7DE_element_174")&gt;</var>
<kw name="Set Variable" library="BuiltIn">
<var>${movieTitle}</var>
<arg>${movie.text}</arg>
<doc>Returns the given values which can then be assigned to a variables.</doc>
<msg timestamp="20230512 17:37:27.168" level="INFO">${movieTitle} = 54. Memento (2000)</msg>
<status status="PASS" starttime="20230512 17:37:27.153" endtime="20230512 17:37:27.168"/>
</kw>
<kw name="Append To List" library="Collections">
<arg>${titles}</arg>
<arg>${movieTitle}</arg>
<doc>Adds ``values`` to the end of ``list``.</doc>
<status status="PASS" starttime="20230512 17:37:27.168" endtime="20230512 17:37:27.169"/>
</kw>
<kw name="Log" library="BuiltIn">
<arg>${movieTitle}</arg>
<doc>Logs the given message with the given level.</doc>
<msg timestamp="20230512 17:37:27.169" level="INFO">54. Memento (2000)</msg>
[...]
</iter>
<iter>
<var name="${currentRating}">&lt;selenium.webdriver.remote.webelement.WebElement (session="cd5fec4e15957200f0d57c778aa91238", element="618DABA16A40CE896D1CA1DEF1547537_element_240")&gt;</var>
<kw name="Set Variable" library="BuiltIn">
<var>${rating}</var>
<arg>${currentRating.text}</arg>
<doc>Returns the given values which can then be assigned to a variables.</doc>
<msg timestamp="20230512 17:38:17.756" level="INFO">${rating} = 9.1</msg>
<status status="PASS" starttime="20230512 17:38:17.741" endtime="20230512 17:38:17.756"/>
</kw>
<kw name="Append To List" library="Collections">
<arg>${IMDb_rate}</arg>
<arg>${rating}</arg>
<doc>Adds ``values`` to the end of ``list``.</doc>
<status status="PASS" starttime="20230512 17:38:17.757" endtime="20230512 17:38:17.757"/>
</kw>
<status status="PASS" starttime="20230512 17:38:17.740" endtime="20230512 17:38:17.757"/>
</iter>
<iter>
<var name="${currentRating}">&lt;selenium.webdriver.remote.webelement.WebElement (session="cd5fec4e15957200f0d57c778aa91238", element="618DABA16A40CE896D1CA1DEF1547537_element_241")&gt;</var>
<kw name="Set Variable" library="BuiltIn">
<var>${rating}</var>
<arg>${currentRating.text}</arg>
<doc>Returns the given values which can then be assigned to a variables.</doc>
<msg timestamp="20230512 17:38:17.773" level="INFO">${rating} = 9.1</msg>
<status status="PASS" starttime="20230512 17:38:17.758" endtime="20230512 17:38:17.773"/>
</kw>
<kw name="Append To List" library="Collections">
<arg>${IMDb_rate}</arg>
<arg>${rating}</arg>
<doc>Adds ``values`` to the end of ``list``.</doc>
<status status="PASS" starttime="20230512 17:38:17.773" endtime="20230512 17:38:17.774"/>
</kw>
<status status="PASS" starttime="20230512 17:38:17.758" endtime="20230512 17:38:17.774"/>
</iter>
<iter>
<var name="${currentRating}">&lt;selenium.webdriver.remote.webelement.WebElement (session="cd5fec4e15957200f0d57c778aa91238", element="618DABA16A40CE896D1CA1DEF1547537_element_242")&gt;</var>
<kw name="Set Variable" library="BuiltIn">
<var>${rating}</var>
<arg>${currentRating.text}</arg>
<doc>Returns the given values which can then be assigned to a variables.</doc>
<msg timestamp="20230512 17:38:17.788" level="INFO">${rating} = 9.1</msg>
<status status="PASS" starttime="20230512 17:38:17.775" endtime="20230512 17:38:17.788"/>
</kw>
<kw name="Append To List" library="Collections">
<arg>${IMDb_rate}</arg>
<arg>${rating}</arg>
<doc>Adds ``values`` to the end of ``list``.</doc>
<status status="PASS" starttime="20230512 17:38:17.789" endtime="20230512 17:38:17.790"/>
</kw>
<status status="PASS" starttime="20230512 17:38:17.775" endtime="20230512 17:38:17.790"/>
</iter>
<iter>
<var name="${currentRating}">&lt;selenium.webdriver.remote.webelement.WebElement (session="cd5fec4e15957200f0d57c778aa91238", element="618DABA16A40CE896D1CA1DEF1547537_element_243")&gt;</var>
<kw name="Set Variable" library="BuiltIn">
<var>${rating}</var>
<arg>${currentRating.text}</arg>
<doc>Returns the given values which can then be assigned to a variables.</doc>
<msg timestamp="20230512 17:38:17.810" level="INFO">${rating} = 9.0</msg>
<status status="PASS" starttime="20230512 17:38:17.791" endtime="20230512 17:38:17.810"/>
</kw>
<kw name="Append To List" library="Collections">
<arg>${IMDb_rate}</arg>
<arg>${rating}</arg>
<doc>Adds ``values`` to the end of ``list``.</doc>
<status status="PASS" starttime="20230512 17:38:17.811" endtime="20230512 17:38:17.811"/>
</kw>
<status status="PASS" starttime="20230512 17:38:17.790" endtime="20230512 17:38:17.811"/>
</iter>
<iter>
<var name="${currentRating}">&lt;selenium.webdriver.remote.webelement.WebElement (session="cd5fec4e15957200f0d57c778aa91238", element="618DABA16A40CE896D1CA1DEF1547537_element_244")&gt;</var>
<kw name="Set Variable" library="BuiltIn">
<var>${rating}</var>
<arg>${currentRating.text}</arg>
<doc>Returns the given values which can then be assigned to a variables.</doc>
<msg timestamp="20230512 17:38:17.826" level="INFO">${rating} = 9.0</msg>
<status status="PASS" starttime="20230512 17:38:17.812" endtime="20230512 17:38:17.826"/>
</kw>
<kw name="Append To List" library="Collections">
<arg>${IMDb_rate}</arg>
<arg>${rating}</arg>
<doc>Adds ``values`` to the end of ``list``.</doc>
<status status="PASS" starttime="20230512 17:38:17.826" endtime="20230512 17:38:17.827"/>
</kw>
<status status="PASS" starttime="20230512 17:38:17.812" endtime="20230512 17:38:17.827"/>
</iter>
<iter>
<var name="${currentRating}">&lt;selenium.webdriver.remote.webelement.WebElement (session="cd5fec4e15957200f0d57c778aa91238", element="618DABA16A40CE896D1CA1DEF1547537_element_245")&gt;</var>
<kw name="Set Variable" library="BuiltIn">
<var>${rating}</var>
<arg>${currentRating.text}</arg>
<doc>Returns the given values which can then be assigned to a variables.</doc>
<msg timestamp="20230512 17:38:17.842" level="INFO">${rating} = 9.0</msg>
<status status="PASS" starttime="20230512 17:38:17.828" endtime="20230512 17:38:17.842"/>
</kw>
<kw name="Append To List" library="Collections">
<arg>${IMDb_rate}</arg>
<arg>${rating}</arg>
<doc>Adds ``values`` to the end of ``list``.</doc>
<status status="PASS" starttime="20230512 17:38:17.842" endtime="20230512 17:38:17.843"/>
</kw>
<status status="PASS" starttime="20230512 17:38:17.827" endtime="20230512 17:38:17.843"/>
</iter>
<iter>
<var name="${currentRating}">&lt;selenium.webdriver.remote.webelement.WebElement (session="cd5fec4e15957200f0d57c778aa91238", element="618DABA16A40CE896D1CA1DEF1547537_element_246")&gt;</var>
<kw name="Set Variable" library="BuiltIn">
<var>${rating}</var>
<arg>${currentRating.text}</arg>
<doc>Returns the given values which can then be assigned to a variables.</doc>
<msg timestamp="20230512 17:38:17.859" level="INFO">${rating} = 9.0</msg>
<status status="PASS" starttime="20230512 17:38:17.844" endtime="20230512 17:38:17.859"/>
</kw>
<kw name="Append To List" library="Collections">
<arg>${IMDb_rate}</arg>
<arg>${rating}</arg>
<doc>Adds ``values`` to the end of ``list``.</doc>
<status status="PASS" starttime="20230512 17:38:17.860" endtime="20230512 17:38:17.860"/>
</kw>
<status status="PASS" starttime="20230512 17:38:17.844" endtime="20230512 17:38:17.860"/>
</iter>
<iter>
<var name="${currentRating}">&lt;selenium.webdriver.remote.webelement.WebElement (session="cd5fec4e15957200f0d57c778aa91238", element="618DABA16A40CE896D1CA1DEF1547537_element_247")&gt;</var>
<kw name="Set Variable" library="BuiltIn">
<var>${rating}</var>
<arg>${currentRating.text}</arg>
<doc>Returns the given values which can then be assigned to a variables.</doc>
<msg timestamp="20230512 17:38:17.875" level="INFO">${rating} = 9.0</msg>
<status status="PASS" starttime="20230512 17:38:17.861" endtime="20230512 17:38:17.876"/>
</kw>
<kw name="Append To List" library="Collections">
<arg>${IMDb_rate}</arg>
<arg>${rating}</arg>
<doc>Adds ``values`` to the end of ``list``.</doc>
<status status="PASS" starttime="20230512 17:38:17.876" endtime="20230512 17:38:17.877"/>
</kw>
<status status="PASS" starttime="20230512 17:38:17.861" endtime="20230512 17:38:17.877"/>
</iter>
<iter>
<var name="${currentRating}">&lt;selenium.webdriver.remote.webelement.WebElement (session="cd5fec4e15957200f0d57c778aa91238", element="618DABA16A40CE896D1CA1DEF1547537_element_248")&gt;</var>
<kw name="Set Variable" library="BuiltIn">
<var>${rating}</var>
<arg>${currentRating.text}</arg>
<doc>Returns the given values which can then be assigned to a variables.</doc>
<msg timestamp="20230512 17:38:17.891" level="INFO">${rating} = 9.0</msg>
<status status="PASS" starttime="20230512 17:38:17.877" endtime="20230512 17:38:17.892"/>
</kw>
<kw name="Append To List" library="Collections">
<arg>${IMDb_rate}</arg>
<arg>${rating}</arg>
<doc>Adds ``values`` to the end of ``list``.</doc>
<status status="PASS" starttime="20230512 17:38:17.892" endtime="20230512 17:38:17.892"/>
</kw>
<status status="PASS" starttime="20230512 17:38:17.877" endtime="20230512 17:38:17.893"/>
</iter>
<iter>
<var name="${currentRating}">&lt;selenium.webdriver.remote.webelement.WebElement (session="cd5fec4e15957200f0d57c778aa91238", element="618DABA16A40CE896D1CA1DEF1547537_element_249")&gt;</var>
<kw name="Set Variable" library="BuiltIn">
<var>${rating}</var>
<arg>${currentRating.text}</arg>
<doc>Returns the given values which can then be assigned to a variables.</doc>
<msg timestamp="20230512 17:38:17.907" level="INFO">${rating} = 9.0</msg>
<status status="PASS" starttime="20230512 17:38:17.893" endtime="20230512 17:38:17.907"/>
</kw>
<kw name="Append To List" library="Collections">
<arg>${IMDb_rate}</arg>
<arg>${rating}</arg>
<doc>Adds ``values`` to the end of ``list``.</doc>
<status status="PASS" starttime="20230512 17:38:17.908" endtime="20230512 17:38:17.908"/>
</kw>
<status status="PASS" starttime="20230512 17:38:17.893" endtime="20230512 17:38:17.908"/>
</iter>
<iter>
<var name="${currentRating}">&lt;selenium.webdriver.remote.webelement.WebElement (session="cd5fec4e15957200f0d57c778aa91238", element="618DABA16A40CE896D1CA1DEF1547537_element_250")&gt;</var>
<kw name="Set Variable" library="BuiltIn">
<var>${rating}</var>
<arg>${currentRating.text}</arg>
<doc>Returns the given values which can then be assigned to a variables.</doc>
<msg timestamp="20230512 17:38:17.923" level="INFO">${rating} = 9.0</msg>
<status status="PASS" starttime="20230512 17:38:17.909" endtime="20230512 17:38:17.923"/>
</kw>
<kw name="Append To List" library="Collections">
<arg>${IMDb_rate}</arg>
<arg>${rating}</arg>
<doc>Adds ``values`` to the end of ``list``.</doc>
<status status="PASS" starttime="20230512 17:38:17.924" endtime="20230512 17:38:17.924"/>
</kw>
<status status="PASS" starttime="20230512 17:38:17.909" endtime="20230512 17:38:17.924"/>
</iter>
<iter>
<var name="${currentRating}">&lt;selenium.webdriver.remote.webelement.WebElement (session="cd5fec4e15957200f0d57c778aa91238", element="618DABA16A40CE896D1CA1DEF1547537_element_251")&gt;</var>
<kw name="Set Variable" library="BuiltIn">
<var>${rating}</var>
<arg>${currentRating.text}</arg>
<doc>Returns the given values which can then be assigned to a variables.</doc>
<msg timestamp="20230512 17:38:17.940" level="INFO">${rating} = 9.0</msg>
<status status="PASS" starttime="20230512 17:38:17.925" endtime="20230512 17:38:17.940"/>
</kw>
<kw name="Append To List" library="Collections">
<arg>${IMDb_rate}</arg>
<arg>${rating}</arg>
<doc>Adds ``values`` to the end of ``list``.</doc>
<status status="PASS" starttime="20230512 17:38:17.941" endtime="20230512 17:38:17.941"/>
</kw>
<status status="PASS" starttime="20230512 17:38:17.925" endtime="20230512 17:38:17.941"/>
</iter>
<iter>
<var name="${currentRating}">&lt;selenium.webdriver.remote.webelement.WebElement (session="cd5fec4e15957200f0d57c778aa91238", element="618DABA16A40CE896D1CA1DEF1547537_element_252")&gt;</var>
<kw name="Set Variable" library="BuiltIn">
<var>${rating}</var>
<arg>${currentRating.text}</arg>
<doc>Returns the given values which can then be assigned to a variables.</doc>
<msg timestamp="20230512 17:38:17.958" level="INFO">${rating} = 9.0</msg>
<status status="PASS" starttime="20230512 17:38:17.942" endtime="20230512 17:38:17.958"/>
</kw>
<kw name="Append To List" library="Collections">
<arg>${IMDb_rate}</arg>
<arg>${rating}</arg>
<doc>Adds ``values`` to the end of ``list``.</doc>
<status status="PASS" starttime="20230512 17:38:17.959" endtime="20230512 17:38:17.959"/>
</kw>
<status status="PASS" starttime="20230512 17:38:17.942" endtime="20230512 17:38:17.960"/>
</iter>
<iter>
<var name="${currentRating}">&lt;selenium.webdriver.remote.webelement.WebElement (session="cd5fec4e15957200f0d57c778aa91238", element="618DABA16A40CE896D1CA1DEF1547537_element_253")&gt;</var>
<kw name="Set Variable" library="BuiltIn">
<var>${rating}</var>
<arg>${currentRating.text}</arg>
<doc>Returns the given values which can then be assigned to a variables.</doc>
<msg timestamp="20230512 17:38:17.974" level="INFO">${rating} = 9.0</msg>
<status status="PASS" starttime="20230512 17:38:17.960" endtime="20230512 17:38:17.974"/>
</kw>
<kw name="Append To List" library="Collections">
<arg>${IMDb_rate}</arg>
<arg>${rating}</arg>
<doc>Adds ``values`` to the end of ``list``.</doc>
<status status="PASS" starttime="20230512 17:38:17.974" endtime="20230512 17:38:17.975"/>
</kw>
<status status="PASS" starttime="20230512 17:38:17.960" endtime="20230512 17:38:17.975"/>
</iter>
<iter>
<var name="${currentRating}">&lt;selenium.webdriver.remote.webelement.WebElement (session="cd5fec4e15957200f0d57c778aa91238", element="618DABA16A40CE896D1CA1DEF1547537_element_254")&gt;</var>
<kw name="Set Variable" library="BuiltIn">
<var>${rating}</var>
<arg>${currentRating.text}</arg>
<doc>Returns the given values which can then be assigned to a variables.</doc>
<msg timestamp="20230512 17:38:17.991" level="INFO">${rating} = 9.0</msg>
<status status="PASS" starttime="20230512 17:38:17.976" endtime="20230512 17:38:17.991"/>
</kw>
<kw name="Append To List" library="Collections">
<arg>${IMDb_rate}</arg>
<arg>${rating}</arg>
<doc>Adds ``values`` to the end of ``list``.</doc>
<status status="PASS" starttime="20230512 17:38:17.991" endtime="20230512 17:38:17.992"/>
</kw>
<status status="PASS" starttime="20230512 17:38:17.975" endtime="20230512 17:38:17.992"/>
</iter>
<iter>
<var name="${currentRating}">&lt;selenium.webdriver.remote.webelement.WebElement (session="cd5fec4e15957200f0d57c778aa91238", element="618DABA16A40CE896D1CA1DEF1547537_element_255")&gt;</var>
<kw name="Set Variable" library="BuiltIn">
<var>${rating}</var>
<arg>${currentRating.text}</arg>
<doc>Returns the given values which can then be assigned to a variables.</doc>
<msg timestamp="20230512 17:38:18.009" level="INFO">${rating} = 9.0</msg>
<status status="PASS" starttime="20230512 17:38:17.993" endtime="20230512 17:38:18.009"/>
</kw>
<kw name="Append To List" library="Collections">
<arg>${IMDb_rate}</arg>
<arg>${rating}</arg>
<doc>Adds ``values`` to the end of ``list``.</doc>
<status status="PASS" starttime="20230512 17:38:18.010" endtime="20230512 17:38:18.010"/>
</kw>
<status status="PASS" starttime="20230512 17:38:17.992" endtime="20230512 17:38:18.011"/>
</iter>
<iter>
<var name="${currentRating}">&lt;selenium.webdriver.remote.webelement.WebElement (session="cd5fec4e15957200f0d57c778aa91238", element="618DABA16A40CE896D1CA1DEF1547537_element_256")&gt;</var>
<kw name="Set Variable" library="BuiltIn">
<var>${rating}</var>
<arg>${currentRating.text}</arg>
<doc>Returns the given values which can then be assigned to a variables.</doc>
<msg timestamp="20230512 17:38:18.030" level="INFO">${rating} = 9.0</msg>
<status status="PASS" starttime="20230512 17:38:18.012" endtime="20230512 17:38:18.030"/>
</kw>
<kw name="Append To List" library="Collections">
<arg>${IMDb_rate}</arg>
<arg>${rating}</arg>
<doc>Adds ``values`` to the end of ``list``.</doc>
<status status="PASS" starttime="20230512 17:38:18.031" endtime="20230512 17:38:18.031"/>
</kw>
<status status="PASS" starttime="20230512 17:38:18.011" endtime="20230512 17:38:18.031"/>
</iter>
<iter>
<var name="${currentRating}">&lt;selenium.webdriver.remote.webelement.WebElement (session="cd5fec4e15957200f0d57c778aa91238", element="618DABA16A40CE896D1CA1DEF1547537_element_257")&gt;</var>
<kw name="Set Variable" library="BuiltIn">
<var>${rating}</var>
<arg>${currentRating.text}</arg>
<doc>Returns the given values which can then be assigned to a variables.</doc>
<msg timestamp="20230512 17:38:18.047" level="INFO">${rating} = 8.9</msg>
<status status="PASS" starttime="20230512 17:38:18.032" endtime="20230512 17:38:18.047"/>
</kw>
<kw name="Append To List" library="Collections">
<arg>${IMDb_rate}</arg>
<arg>${rating}</arg>
<doc>Adds ``values`` to the end of ``list``.</doc>
<status status="PASS" starttime="20230512 17:38:18.048" endtime="20230512 17:38:18.048"/>
</kw>
<status status="PASS" starttime="20230512 17:38:18.032" endtime="20230512 17:38:18.049"/>
</iter>
<iter>
<var name="${currentRating}">&lt;selenium.webdriver.remote.webelement.WebElement (session="cd5fec4e15957200f0d57c778aa91238", element="618DABA16A40CE896D1CA1DEF1547537_element_258")&gt;</var>
<kw name="Set Variable" library="BuiltIn">
<var>${rating}</var>
<arg>${currentRating.text}</arg>
<doc>Returns the given values which can then be assigned to a variables.</doc>
<msg timestamp="20230512 17:38:18.064" level="INFO">${rating} = 8.9</msg>
<status status="PASS" starttime="20230512 17:38:18.049" endtime="20230512 17:38:18.064"/>
</kw>
<kw name="Append To List" library="Collections">
<arg>${IMDb_rate}</arg>
<arg>${rating}</arg>
<doc>Adds ``values`` to the end of ``list``.</doc>
<status status="PASS" starttime="20230512 17:38:18.064" endtime="20230512 17:38:18.065"/>
</kw>
<status status="PASS" starttime="20230512 17:38:18.049" endtime="20230512 17:38:18.065"/>
</iter>
<iter>
<var name="${currentRating}">&lt;selenium.webdriver.remote.webelement.WebElement (session="cd5fec4e15957200f0d57c778aa91238", element="618DABA16A40CE896D1CA1DEF1547537_element_259")&gt;</var>
<kw name="Set Variable" library="BuiltIn">
<var>${rating}</var>
<arg>${currentRating.text}</arg>
<doc>Returns the given values which can then be assigned to a variables.</doc>
<msg timestamp="20230512 17:38:18.080" level="INFO">${rating} = 8.9</msg>
<status status="PASS" starttime="20230512 17:38:18.066" endtime="20230512 17:38:18.080"/>
</kw>
<kw name="Append To List" library="Collections">
<arg>${IMDb_rate}</arg>
<arg>${rating}</arg>
<doc>Adds ``values`` to the end of ``list``.</doc>
<status status="PASS" starttime="20230512 17:38:18.080" endtime="20230512 17:38:18.081"/>
</kw>
<status status="PASS" starttime="20230512 17:38:18.065" endtime="20230512 17:38:18.081"/>
</iter>
<iter>
<var name="${currentRating}">&lt;selenium.webdriver.remote.webelement.WebElement (session="cd5fec4e15957200f0d57c778aa91238", element="618DABA16A40CE896D1CA1DEF1547537_element_260")&gt;</var>
<kw name="Set Variable" library="BuiltIn">
<var>${rating}</var>
<arg>${currentRating.text}</arg>
<doc>Returns the given values which can then be assigned to a variables.</doc>
<msg timestamp="20230512 17:38:18.095" level="INFO">${rating} = 8.9</msg>
<status status="PASS" starttime="20230512 17:38:18.082" endtime="20230512 17:38:18.095"/>
</kw>
<kw name="Append To List" library="Collections">
<arg>${IMDb_rate}</arg>
<arg>${rating}</arg>
<doc>Adds ``values`` to the end of ``list``.</doc>
<status status="PASS" starttime="20230512 17:38:18.096" endtime="20230512 17:38:18.097"/>
</kw>
<status status="PASS" starttime="20230512 17:38:18.081" endtime="20230512 17:38:18.097"/>
</iter>
<status status="PASS" starttime="20230512 17:38:17.233" endtime="20230512 17:38:18.098"/>
</for>
<kw name="Sort List" library="Collections">
<arg>${IMDb_rate}</arg>
<doc>Sorts the given list in place.</doc>
<status status="PASS" starttime="20230512 17:38:18.098" endtime="20230512 17:38:18.099"/>
</kw>
<kw name="Reverse List" library="Collections">
<arg>${IMDb_rate}</arg>
<doc>Reverses the given list in place.</doc>
<status status="PASS" starttime="20230512 17:38:18.099" endtime="20230512 17:38:18.099"/>
</kw>
<kw name="Should Be Equal" library="BuiltIn">
<arg>${IMDb_rate}</arg>
<arg>${unsort_rate}</arg>
<doc>Fails if the given objects are unequal.</doc>
<status status="PASS" starttime="20230512 17:38:18.100" endtime="20230512 17:38:18.100"/>
</kw>
<status status="PASS" starttime="20230512 17:37:33.389" endtime="20230512 17:38:18.100"/>
</test>
<status status="PASS" starttime="20230512 17:36:43.102" endtime="20230512 17:38:18.102"/>
</suite>
<status status="PASS" starttime="20230512 17:36:42.464" endtime="20230512 17:38:18.105"/>
</suite>
<statistics>
<total>
<stat pass="3" fail="0" skip="0">All Tests</stat>
</total>
<tag>
</tag>
<suite>
<stat pass="3" fail="0" skip="0" id="s1" name="RideTest">RideTest</stat>
<stat pass="3" fail="0" skip="0" id="s1-s1" name="FirstSuit">RideTest.FirstSuit</stat>
</suite>
</statistics>
<errors>
</errors>
</robot>
